13:18:20: Number of created objects: 50
13:18:24: selected 1 object by mouse click
13:18:24: move operation for 1 number of objects
13:18:26: 1 number of objects freezed
13:18:27: selected 1 object by mouse click
13:18:27: move operation for 1 number of objects
13:18:29: selected 1 object by mouse click
13:18:29: move operation for 1 number of objects
13:18:34: selected 1 object by mouse click
13:18:34: move operation for 1 number of objects
13:18:36: selected 1 object by mouse click
13:18:36: move operation for 1 number of objects
13:18:39: selected 1 object by mouse click
13:18:39: move operation for 1 number of objects
13:18:41: selected 1 object by mouse click
13:18:41: move operation for 1 number of objects
13:18:43: selected 1 object by mouse click
13:18:43: move operation for 1 number of objects
13:18:46: selected 1 object by mouse click
13:18:46: move operation for 1 number of objects
13:18:50: Rectangular selection of 8
13:18:50: Num of selected obj: 8
13:18:51: batch selection popup menu for 8 objects
13:18:53: Pile operation occured
13:18:54: move operation for pile
13:18:57: move operation for pile
13:19:00: pile popup menu
13:19:01: Unpile operation occured
13:19:01: Number of selected objects 8
13:19:03: move operation for 8 number of objects
13:19:03: 8 number of objects freezed
13:19:07: selected 1 object by mouse click
13:19:07: move operation for 1 number of objects
13:19:11: Rectangular selection of 0
13:19:11: Num of selected obj: 0
13:19:12: selected 1 object by mouse click
13:19:12: move operation for 1 number of objects
13:19:14: 1 number of objects freezed
13:19:18: selected 1 object by mouse click
13:19:18: move operation for 1 number of objects
13:19:19: 1 number of objects freezed
13:19:20: selected 1 object by mouse click
13:19:20: move operation for 1 number of objects
13:19:21: 1 number of objects freezed
13:19:23: Rectangular selection of 0
13:19:23: Num of selected obj: 0
13:19:24: selected 1 object by mouse click
13:19:24: move operation for 1 number of objects
13:19:25: 1 number of objects freezed
13:19:26: selected 1 object by mouse click
13:19:26: move operation for 1 number of objects
13:19:28: 1 number of objects freezed
13:19:29: selected 1 object by mouse click
13:19:29: move operation for 1 number of objects
13:19:31: 1 number of objects freezed
13:19:32: selected 1 object by mouse click
13:19:32: move operation for 1 number of objects
13:19:33: 1 number of objects freezed
13:19:35: selected 1 object by mouse click
13:19:35: move operation for 1 number of objects
13:19:37: selected 1 object by mouse click
13:19:37: move operation for 1 number of objects
13:19:39: selected 1 object by mouse click
13:19:39: move operation for 1 number of objects
13:19:41: selected 1 object by mouse click
13:19:41: move operation for 1 number of objects
13:19:43: Rectangular selection of 4
13:19:43: Num of selected obj: 4
13:19:44: batch selection popup menu for 4 objects
13:19:45: Pile operation occured
13:19:46: move operation for pile
13:19:49: pile popup menu
13:19:51: Unpile operation occured
13:19:51: Number of selected objects 4
13:19:53: move operation for 4 number of objects
13:19:54: 4 number of objects freezed
13:19:58: selected 1 object by mouse click
13:19:58: move operation for 1 number of objects
13:20:00: 1 number of objects freezed
13:20:00: selected 1 object by mouse click
13:20:00: move operation for 1 number of objects
13:20:01: 1 number of objects freezed
13:20:02: selected 1 object by mouse click
13:20:02: move operation for 1 number of objects
13:20:03: 1 number of objects freezed
13:20:05: selected 1 object by mouse click
13:20:05: move operation for 1 number of objects
13:20:06: 1 number of objects freezed
13:20:07: selected 1 object by mouse click
13:20:07: move operation for 1 number of objects
13:20:08: 1 number of objects freezed
13:20:10: selected 1 object by mouse click
13:20:10: move operation for 1 number of objects
13:20:11: 1 number of objects freezed
13:20:12: selected 1 object by mouse click
13:20:12: move operation for 1 number of objects
13:20:13: 1 number of objects freezed
13:20:14: selected 1 object by mouse click
13:20:14: move operation for 1 number of objects
13:20:16: 1 number of objects freezed
13:20:18: selected 1 object by mouse click
13:20:18: move operation for 1 number of objects
13:20:20: move operation for 1 number of objects
13:20:22: 1 number of objects freezed
13:20:23: selected 1 object by mouse click
13:20:23: move operation for 1 number of objects
13:20:25: 1 number of objects freezed
13:20:26: selected 1 object by mouse click
13:20:26: move operation for 1 number of objects
13:20:27: 1 number of objects freezed
13:20:28: selected 1 object by mouse click
13:20:28: move operation for 1 number of objects
13:20:29: 1 number of objects freezed
13:20:30: selected 1 object by mouse click
13:20:30: move operation for 1 number of objects
13:20:31: 1 number of objects freezed
13:20:32: selected 1 object by mouse click
13:20:32: move operation for 1 number of objects
13:20:34: 1 number of objects freezed
13:20:35: selected 1 object by mouse click
13:20:35: move operation for 1 number of objects
13:20:35: 1 number of objects freezed
13:20:36: selected 1 object by mouse click
13:20:36: move operation for 1 number of objects
13:20:38: 1 number of objects freezed
13:20:39: selected 1 object by mouse click
13:20:39: move operation for 1 number of objects
13:20:40: 1 number of objects freezed
13:20:41: selected 1 object by mouse click
13:20:41: move operation for 1 number of objects
13:20:42: 1 number of objects freezed
13:20:44: selected 1 object by mouse click
13:20:44: move operation for 1 number of objects
13:20:45: 1 number of objects freezed
13:20:46: selected 1 object by mouse click
13:20:46: move operation for 1 number of objects
13:20:48: 1 number of objects freezed
13:20:49: selected 1 object by mouse click
13:20:49: move operation for 1 number of objects
13:20:51: 1 number of objects freezed
13:20:51: selected 1 object by mouse click
13:20:51: move operation for 1 number of objects
13:20:53: 1 number of objects freezed
13:20:54: selected 1 object by mouse click
13:20:54: move operation for 1 number of objects
13:20:54: 1 number of objects freezed
13:20:56: selected 1 object by mouse click
13:20:56: move operation for 1 number of objects
13:20:57: 1 number of objects freezed
13:20:58: selected 1 object by mouse click
13:20:58: move operation for 1 number of objects
13:20:59: 1 number of objects freezed
13:21:01: Rectangular selection of 2
13:21:01: Num of selected obj: 2
13:21:02: batch selection popup menu for 2 objects
13:21:03: Pile operation occured
13:21:03: move operation for pile
13:21:07: pile popup menu
13:21:08: Unpile operation occured
13:21:08: Number of selected objects 2
13:21:08: move operation for 2 number of objects
13:21:09: 2 number of objects freezed
13:21:11: selected 1 object by mouse click
13:21:11: move operation for 1 number of objects
13:21:13: 1 number of objects freezed
13:21:14: Rectangular selection of 0
13:21:14: Num of selected obj: 0
13:21:15: selected 1 object by mouse click
13:21:15: move operation for 1 number of objects
13:21:16: 1 number of objects freezed
13:21:18: Rectangular selection of 0
13:21:18: Num of selected obj: 0
13:21:19: selected 1 object by mouse click
13:21:19: move operation for 1 number of objects
13:21:21: move operation for 1 number of objects
13:21:22: Rectangular selection of 0
13:21:22: Num of selected obj: 0
13:21:23: selected 1 object by mouse click
13:21:23: move operation for 1 number of objects
13:21:24: 1 number of objects freezed
