13:22:04: Number of created objects: 50
13:22:06: selected 1 object by mouse click
13:22:06: move operation for 1 number of objects
13:22:07: 1 number of objects freezed
13:22:08: selected 1 object by mouse click
13:22:08: move operation for 1 number of objects
13:22:09: 1 number of objects freezed
13:22:10: selected 1 object by mouse click
13:22:10: move operation for 1 number of objects
13:22:11: 1 number of objects freezed
13:22:13: selected 1 object by mouse click
13:22:13: move operation for 1 number of objects
13:22:13: 1 number of objects freezed
13:22:14: selected 1 object by mouse click
13:22:14: move operation for 1 number of objects
13:22:15: 1 number of objects freezed
13:22:16: selected 1 object by mouse click
13:22:16: move operation for 1 number of objects
13:22:17: 1 number of objects freezed
13:22:18: selected 1 object by mouse click
13:22:18: move operation for 1 number of objects
13:22:19: 1 number of objects freezed
13:22:20: selected 1 object by mouse click
13:22:20: move operation for 1 number of objects
13:22:21: 1 number of objects freezed
13:22:23: selected 1 object by mouse click
13:22:23: move operation for 1 number of objects
13:22:24: 1 number of objects freezed
13:22:25: selected 1 object by mouse click
13:22:25: move operation for 1 number of objects
13:22:26: 1 number of objects freezed
13:22:32: selected 1 object by mouse click
13:22:32: move operation for 1 number of objects
13:22:33: 1 number of objects freezed
13:22:34: selected 1 object by mouse click
13:22:34: move operation for 1 number of objects
13:22:35: 1 number of objects freezed
13:22:36: selected 1 object by mouse click
13:22:36: move operation for 1 number of objects
13:22:37: 1 number of objects freezed
13:22:38: selected 1 object by mouse click
13:22:38: move operation for 1 number of objects
13:22:40: 1 number of objects freezed
13:22:42: selected 1 object by mouse click
13:22:42: move operation for 1 number of objects
13:22:44: 1 number of objects freezed
13:22:45: selected 1 object by mouse click
13:22:45: move operation for 1 number of objects
13:22:46: 1 number of objects freezed
13:22:47: selected 1 object by mouse click
13:22:47: move operation for 1 number of objects
13:22:48: 1 number of objects freezed
13:22:49: selected 1 object by mouse click
13:22:49: move operation for 1 number of objects
13:22:52: 1 number of objects freezed
13:22:53: selected 1 object by mouse click
13:22:53: move operation for 1 number of objects
13:22:56: 1 number of objects freezed
13:22:57: selected 1 object by mouse click
13:22:57: move operation for 1 number of objects
13:22:59: 1 number of objects freezed
13:22:59: selected 1 object by mouse click
13:22:59: move operation for 1 number of objects
13:23:01: 1 number of objects freezed
13:23:01: selected 1 object by mouse click
13:23:01: move operation for 1 number of objects
13:23:03: selected 1 object by mouse click
13:23:03: move operation for 1 number of objects
13:23:04: selected 1 object by mouse click
13:23:04: move operation for 1 number of objects
13:23:05: selected 1 object by mouse click
13:23:05: move operation for 1 number of objects
13:23:07: selected 1 object by mouse click
13:23:07: move operation for 1 number of objects
13:23:08: 1 number of objects freezed
13:23:08: selected 1 object by mouse click
13:23:08: move operation for 1 number of objects
13:23:09: 1 number of objects freezed
13:23:10: selected 1 object by mouse click
13:23:10: move operation for 1 number of objects
13:23:12: 1 number of objects freezed
13:23:12: selected 1 object by mouse click
13:23:12: move operation for 1 number of objects
13:23:13: 1 number of objects freezed
13:23:15: selected 1 object by mouse click
13:23:15: move operation for 1 number of objects
13:23:16: selected 1 object by mouse click
13:23:16: move operation for 1 number of objects
13:23:17: 1 number of objects freezed
13:23:18: selected 1 object by mouse click
13:23:18: move operation for 1 number of objects
13:23:20: 1 number of objects freezed
13:23:20: selected 1 object by mouse click
13:23:20: move operation for 1 number of objects
13:23:22: 1 number of objects freezed
13:23:23: selected 1 object by mouse click
13:23:23: move operation for 1 number of objects
13:23:24: 1 number of objects freezed
13:23:25: selected 1 object by mouse click
13:23:25: move operation for 1 number of objects
13:23:26: 1 number of objects freezed
13:23:27: selected 1 object by mouse click
13:23:27: move operation for 1 number of objects
13:23:30: selected 1 object by mouse click
13:23:30: move operation for 1 number of objects
13:23:31: 1 number of objects freezed
13:23:32: selected 1 object by mouse click
13:23:32: move operation for 1 number of objects
13:23:33: 1 number of objects freezed
13:23:33: selected 1 object by mouse click
13:23:33: move operation for 1 number of objects
13:23:34: 1 number of objects freezed
13:23:35: selected 1 object by mouse click
13:23:35: move operation for 1 number of objects
13:23:36: 1 number of objects freezed
13:23:37: selected 1 object by mouse click
13:23:37: move operation for 1 number of objects
13:23:38: 1 number of objects freezed
13:23:39: selected 1 object by mouse click
13:23:39: move operation for 1 number of objects
13:23:40: 1 number of objects freezed
13:23:42: selected 1 object by mouse click
13:23:42: move operation for 1 number of objects
13:23:43: 1 number of objects freezed
13:23:44: selected 1 object by mouse click
13:23:44: move operation for 1 number of objects
13:23:46: 1 number of objects freezed
13:23:47: selected 1 object by mouse click
13:23:47: move operation for 1 number of objects
13:23:48: 1 number of objects freezed
13:23:48: selected 1 object by mouse click
13:23:48: move operation for 1 number of objects
13:23:50: 1 number of objects freezed
13:23:50: selected 1 object by mouse click
13:23:50: move operation for 1 number of objects
13:23:52: 1 number of objects freezed
13:23:54: Rectangular selection of 9
13:23:54: Num of selected obj: 9
13:23:54: batch selection popup menu for 9 objects
13:23:56: Pile operation occured
13:23:57: move operation for pile
13:23:59: pile popup menu
13:24:00: Unpile operation occured
13:24:00: Number of selected objects 9
13:24:00: move operation for 9 number of objects
13:24:01: 9 number of objects freezed
