13:35:04: Number of created objects: 50
13:35:14: selected 1 object by mouse click
13:35:14: move operation for 1 number of objects
13:35:16: 1 number of objects freezed
13:35:19: selected 1 object by mouse click
13:35:19: move operation for 1 number of objects
13:35:20: 1 number of objects freezed
13:35:23: Rectangular selection of 0
13:35:23: Num of selected obj: 0
13:35:24: selected 1 object by mouse click
13:35:24: move operation for 1 number of objects
13:35:27: selected 1 object by mouse click
13:35:27: move operation for 1 number of objects
13:35:31: selected 1 object by mouse click
13:35:31: move operation for 1 number of objects
13:35:34: selected 1 object by mouse click
13:35:34: move operation for 1 number of objects
13:35:39: selected 1 object by mouse click
13:35:39: move operation for 1 number of objects
13:35:43: selected 1 object by mouse click
13:35:43: move operation for 1 number of objects
13:35:48: selected 1 object by mouse click
13:35:48: move operation for 1 number of objects
13:35:53: selected 1 object by mouse click
13:35:53: move operation for 1 number of objects
13:35:57: selected 1 object by mouse click
13:35:57: move operation for 1 number of objects
13:36:03: Rectangular selection of 4
13:36:03: Num of selected obj: 4
13:36:07: Rectangular selection of 7
13:36:07: Num of selected obj: 7
13:36:11: batch selection popup menu for 7 objects
13:36:13: Pile operation occured
13:36:14: move operation for pile
13:36:17: move operation for pile
13:36:21: pile popup menu
13:36:23: Grid operation occured
13:36:23: Number of selected objects 7
13:36:25: move operation for 7 number of objects
13:36:28: 3 number of objects freezed
13:36:29: move operation for 4 number of objects
13:36:31: 3 number of objects freezed
13:36:33: move operation for 1 number of objects
13:36:34: 1 number of objects freezed
13:36:35: selected 1 object by mouse click
13:36:35: move operation for 1 number of objects
13:36:36: 1 number of objects freezed
13:36:41: Rectangular selection of 0
13:36:41: Num of selected obj: 0
13:36:45: selected 1 object by mouse click
13:36:45: move operation for 1 number of objects
13:36:47: selected 1 object by mouse click
13:36:47: move operation for 1 number of objects
13:36:50: selected 1 object by mouse click
13:36:50: move operation for 1 number of objects
13:36:54: selected 1 object by mouse click
13:36:54: move operation for 1 number of objects
13:36:58: selected 1 object by mouse click
13:36:58: move operation for 1 number of objects
13:37:01: selected 1 object by mouse click
13:37:01: move operation for 1 number of objects
13:37:04: selected 1 object by mouse click
13:37:04: move operation for 1 number of objects
13:37:07: selected 1 object by mouse click
13:37:07: move operation for 1 number of objects
13:37:14: Rectangular selection of 5
13:37:14: Num of selected obj: 5
13:37:16: move operation for 5 number of objects
13:37:18: 2 number of objects freezed
13:37:19: move operation for 3 number of objects
13:37:21: 1 number of objects freezed
13:37:22: move operation for 2 number of objects
13:37:23: 1 number of objects freezed
13:37:24: move operation for 1 number of objects
13:37:26: 1 number of objects freezed
13:37:31: Rectangular selection of 3
13:37:31: Num of selected obj: 3
13:37:32: move operation for 3 number of objects
13:37:34: 3 number of objects freezed
13:37:37: selected 1 object by mouse click
13:37:37: move operation for 1 number of objects
13:37:39: 1 number of objects freezed
13:37:41: selected 1 object by mouse click
13:37:41: move operation for 1 number of objects
13:37:42: 1 number of objects freezed
13:37:46: selected 1 object by mouse click
13:37:46: move operation for 1 number of objects
13:37:49: selected 1 object by mouse click
13:37:49: move operation for 1 number of objects
13:37:53: Rectangular selection of 0
13:37:53: Num of selected obj: 0
13:37:54: selected 1 object by mouse click
13:37:54: move operation for 1 number of objects
13:37:57: selected 1 object by mouse click
13:37:57: move operation for 1 number of objects
13:38:02: Rectangular selection of 5
13:38:02: Num of selected obj: 5
13:38:03: move operation for 5 number of objects
13:38:05: 5 number of objects freezed
13:38:06: selected 1 object by mouse click
13:38:06: move operation for 1 number of objects
13:38:07: 1 number of objects freezed
13:38:09: selected 1 object by mouse click
13:38:09: move operation for 1 number of objects
13:38:10: 1 number of objects freezed
13:38:11: selected 1 object by mouse click
13:38:11: move operation for 1 number of objects
13:38:12: 1 number of objects freezed
13:38:14: selected 1 object by mouse click
13:38:14: move operation for 1 number of objects
13:38:15: 1 number of objects freezed
13:38:16: selected 1 object by mouse click
13:38:16: move operation for 1 number of objects
13:38:21: selected 1 object by mouse click
13:38:21: move operation for 1 number of objects
13:38:24: selected 1 object by mouse click
13:38:24: move operation for 1 number of objects
13:38:27: move operation for 1 number of objects
13:38:30: selected 1 object by mouse click
13:38:30: move operation for 1 number of objects
13:38:34: selected 1 object by mouse click
13:38:34: move operation for 1 number of objects
13:38:37: selected 1 object by mouse click
13:38:37: move operation for 1 number of objects
13:38:41: selected 1 object by mouse click
13:38:41: move operation for 1 number of objects
13:38:44: selected 1 object by mouse click
13:38:44: move operation for 1 number of objects
13:38:46: selected 1 object by mouse click
13:38:46: move operation for 1 number of objects
13:38:50: selected 1 object by mouse click
13:38:50: move operation for 1 number of objects
13:38:53: selected 1 object by mouse click
13:38:53: move operation for 1 number of objects
13:38:57: selected 1 object by mouse click
13:38:57: move operation for 1 number of objects
13:39:01: 1 number of objects freezed
13:39:02: selected 1 object by mouse click
13:39:02: move operation for 1 number of objects
13:39:04: 1 number of objects freezed
13:39:09: Rectangular selection of 9
13:39:09: Num of selected obj: 9
13:39:09: move operation for 9 number of objects
13:39:13: 7 number of objects freezed
13:39:14: move operation for 2 number of objects
13:39:15: 1 number of objects freezed
13:39:17: move operation for 1 number of objects
13:39:18: 1 number of objects freezed
13:39:21: selected 1 object by mouse click
13:39:21: move operation for 1 number of objects
13:39:22: 1 number of objects freezed
13:39:25: Rectangular selection of 5
13:39:25: Num of selected obj: 5
13:39:26: move operation for 5 number of objects
13:39:28: 1 number of objects freezed
13:39:29: move operation for 4 number of objects
13:39:30: 1 number of objects freezed
13:39:31: move operation for 3 number of objects
13:39:32: 1 number of objects freezed
13:39:34: move operation for 2 number of objects
13:39:36: 2 number of objects freezed
13:39:38: selected 1 object by mouse click
13:39:38: move operation for 1 number of objects
13:39:39: 1 number of objects freezed
13:39:40: selected 1 object by mouse click
13:39:40: move operation for 1 number of objects
13:39:43: selected 1 object by mouse click
13:39:43: move operation for 1 number of objects
13:39:47: Rectangular selection of 3
13:39:47: Num of selected obj: 3
13:39:48: move operation for 3 number of objects
13:39:50: 3 number of objects freezed
