13:40:33: Number of created objects: 50
13:40:40: selected 1 object by mouse click
13:40:40: move operation for 1 number of objects
13:40:42: selected 1 object by mouse click
13:40:42: move operation for 1 number of objects
13:40:44: move operation for 1 number of objects
13:40:45: 1 number of objects freezed
13:40:46: selected 1 object by mouse click
13:40:46: move operation for 1 number of objects
13:40:47: 1 number of objects freezed
13:40:49: selected 1 object by mouse click
13:40:49: move operation for 1 number of objects
13:40:51: move operation for 1 number of objects
13:40:51: 1 number of objects freezed
13:40:52: selected 1 object by mouse click
13:40:52: move operation for 1 number of objects
13:40:56: selected 1 object by mouse click
13:40:56: move operation for 1 number of objects
13:40:57: move operation for 1 number of objects
13:40:58: move operation for 1 number of objects
13:40:59: 1 number of objects freezed
13:41:00: selected 1 object by mouse click
13:41:00: move operation for 1 number of objects
13:41:01: Rectangular selection of 0
13:41:01: Num of selected obj: 0
13:41:02: selected 1 object by mouse click
13:41:02: move operation for 1 number of objects
13:41:03: 1 number of objects freezed
13:41:04: selected 1 object by mouse click
13:41:04: move operation for 1 number of objects
13:41:05: 1 number of objects freezed
13:41:05: Rectangular selection of 0
13:41:05: Num of selected obj: 0
13:41:07: Rectangular selection of 1
13:41:07: Num of selected obj: 1
13:41:09: move operation for 1 number of objects
13:41:11: 1 number of objects freezed
13:41:13: selected 1 object by mouse click
13:41:13: move operation for 1 number of objects
13:41:15: 1 number of objects freezed
13:41:17: selected 1 object by mouse click
13:41:17: move operation for 1 number of objects
13:41:18: 1 number of objects freezed
13:41:19: selected 1 object by mouse click
13:41:19: move operation for 1 number of objects
13:41:21: 1 number of objects freezed
13:41:23: selected 1 object by mouse click
13:41:23: move operation for 1 number of objects
13:41:25: selected 1 object by mouse click
13:41:25: move operation for 1 number of objects
13:41:27: selected 1 object by mouse click
13:41:27: move operation for 1 number of objects
13:41:28: 1 number of objects freezed
13:41:29: selected 1 object by mouse click
13:41:29: move operation for 1 number of objects
13:41:30: selected 1 object by mouse click
13:41:30: move operation for 1 number of objects
13:41:32: selected 1 object by mouse click
13:41:32: move operation for 1 number of objects
13:41:33: 1 number of objects freezed
13:41:34: selected 1 object by mouse click
13:41:34: move operation for 1 number of objects
13:41:36: selected 1 object by mouse click
13:41:36: move operation for 1 number of objects
13:41:37: selected 1 object by mouse click
13:41:37: move operation for 1 number of objects
13:41:40: Rectangular selection of 3
13:41:40: Num of selected obj: 3
13:41:40: move operation for 3 number of objects
13:41:42: 3 number of objects freezed
13:41:43: selected 1 object by mouse click
13:41:43: move operation for 1 number of objects
13:41:44: move operation for 1 number of objects
13:41:45: selected 1 object by mouse click
13:41:45: move operation for 1 number of objects
13:41:46: move operation for 1 number of objects
13:41:48: selected 1 object by mouse click
13:41:48: move operation for 1 number of objects
13:41:50: selected 1 object by mouse click
13:41:50: move operation for 1 number of objects
13:41:52: selected 1 object by mouse click
13:41:52: move operation for 1 number of objects
13:41:53: selected 1 object by mouse click
13:41:53: move operation for 1 number of objects
13:41:55: selected 1 object by mouse click
13:41:55: move operation for 1 number of objects
13:41:56: selected 1 object by mouse click
13:41:56: move operation for 1 number of objects
13:41:57: selected 1 object by mouse click
13:41:57: move operation for 1 number of objects
13:41:58: selected 1 object by mouse click
13:41:58: move operation for 1 number of objects
13:42:00: selected 1 object by mouse click
13:42:00: move operation for 1 number of objects
13:42:01: move operation for 1 number of objects
13:42:03: selected 1 object by mouse click
13:42:03: move operation for 1 number of objects
13:42:04: selected 1 object by mouse click
13:42:04: move operation for 1 number of objects
13:42:05: selected 1 object by mouse click
13:42:05: move operation for 1 number of objects
13:42:07: selected 1 object by mouse click
13:42:07: move operation for 1 number of objects
13:42:09: selected 1 object by mouse click
13:42:09: move operation for 1 number of objects
13:42:11: selected 1 object by mouse click
13:42:11: move operation for 1 number of objects
13:42:14: Rectangular selection of 2
13:42:14: Num of selected obj: 2
13:42:14: move operation for 2 number of objects
13:42:17: selected 1 object by mouse click
13:42:17: move operation for 1 number of objects
13:42:19: selected 1 object by mouse click
13:42:19: move operation for 1 number of objects
13:42:22: selected 1 object by mouse click
13:42:22: move operation for 1 number of objects
13:42:25: selected 1 object by mouse click
13:42:25: move operation for 1 number of objects
13:42:26: selected 1 object by mouse click
13:42:26: move operation for 1 number of objects
13:42:27: move operation for 1 number of objects
13:42:29: Rectangular selection of 1
13:42:29: Num of selected obj: 1
13:42:30: move operation for 1 number of objects
13:42:32: Rectangular selection of 2
13:42:32: Num of selected obj: 2
13:42:33: move operation for 2 number of objects
13:42:35: selected 1 object by mouse click
13:42:35: move operation for 1 number of objects
13:42:37: selected 1 object by mouse click
13:42:37: move operation for 1 number of objects
13:42:39: selected 1 object by mouse click
13:42:39: move operation for 1 number of objects
13:42:40: selected 1 object by mouse click
13:42:40: move operation for 1 number of objects
13:42:42: selected 1 object by mouse click
13:42:42: move operation for 1 number of objects
13:42:43: selected 1 object by mouse click
13:42:43: move operation for 1 number of objects
13:42:45: selected 1 object by mouse click
13:42:45: move operation for 1 number of objects
13:42:46: selected 1 object by mouse click
13:42:46: move operation for 1 number of objects
13:42:50: Rectangular selection of 10
13:42:50: Num of selected obj: 10
13:42:50: move operation for 10 number of objects
13:42:53: 10 number of objects freezed
13:42:56: Rectangular selection of 8
13:42:56: Num of selected obj: 8
13:42:57: move operation for 8 number of objects
13:42:59: 5 number of objects freezed
13:43:00: move operation for 3 number of objects
13:43:02: move operation for 3 number of objects
13:43:03: 3 number of objects freezed
13:43:08: Rectangular selection of 4
13:43:08: Num of selected obj: 4
13:43:09: move operation for 4 number of objects
13:43:10: 2 number of objects freezed
13:43:11: move operation for 2 number of objects
13:43:12: 2 number of objects freezed
13:43:13: Rectangular selection of 3
13:43:13: Num of selected obj: 3
13:43:14: move operation for 3 number of objects
13:43:14: 2 number of objects freezed
13:43:17: move operation for 1 number of objects
13:43:18: 1 number of objects freezed
13:43:19: Rectangular selection of 10
13:43:19: Num of selected obj: 10
13:43:20: move operation for 10 number of objects
13:43:21: 7 number of objects freezed
13:43:22: move operation for 3 number of objects
13:43:23: 2 number of objects freezed
13:43:24: move operation for 1 number of objects
13:43:26: 1 number of objects freezed
