14:47:40: Number of created objects: 50
14:47:46: selected 1 object by mouse click
14:47:46: move operation for 1 number of objects
14:47:52: selected 1 object by mouse click
14:47:52: move operation for 1 number of objects
14:47:56: selected 1 object by mouse click
14:47:56: move operation for 1 number of objects
14:47:58: selected 1 object by mouse click
14:47:58: move operation for 1 number of objects
14:48:01: move operation for 1 number of objects
14:48:05: selected 1 object by mouse click
14:48:05: move operation for 1 number of objects
14:48:08: selected 1 object by mouse click
14:48:08: move operation for 1 number of objects
14:48:12: selected 1 object by mouse click
14:48:12: move operation for 1 number of objects
14:48:16: selected 1 object by mouse click
14:48:16: move operation for 1 number of objects
14:48:21: selected 1 object by mouse click
14:48:21: move operation for 1 number of objects
14:48:24: selected 1 object by mouse click
14:48:24: move operation for 1 number of objects
14:48:27: selected 1 object by mouse click
14:48:27: move operation for 1 number of objects
14:48:28: selected 1 object by mouse click
14:48:28: move operation for 1 number of objects
14:48:31: selected 1 object by mouse click
14:48:31: move operation for 1 number of objects
14:48:34: selected 1 object by mouse click
14:48:34: move operation for 1 number of objects
14:48:36: selected 1 object by mouse click
14:48:36: move operation for 1 number of objects
14:48:41: selected 1 object by mouse click
14:48:41: move operation for 1 number of objects
14:48:45: selected 1 object by mouse click
14:48:45: move operation for 1 number of objects
14:48:49: selected 1 object by mouse click
14:48:49: move operation for 1 number of objects
14:48:52: selected 1 object by mouse click
14:48:52: move operation for 1 number of objects
14:48:55: selected 1 object by mouse click
14:48:55: move operation for 1 number of objects
14:48:57: 1 number of objects freezed
14:48:59: selected 1 object by mouse click
14:48:59: move operation for 1 number of objects
14:49:04: selected 1 object by mouse click
14:49:04: move operation for 1 number of objects
14:49:05: 1 number of objects freezed
14:49:08: selected 1 object by mouse click
14:49:08: move operation for 1 number of objects
14:49:09: 1 number of objects freezed
14:49:11: selected 1 object by mouse click
14:49:11: move operation for 1 number of objects
14:49:13: 1 number of objects freezed
14:49:14: selected 1 object by mouse click
14:49:14: move operation for 1 number of objects
14:49:17: 1 number of objects freezed
14:49:19: selected 1 object by mouse click
14:49:19: move operation for 1 number of objects
14:49:21: 1 number of objects freezed
14:49:22: selected 1 object by mouse click
14:49:22: move operation for 1 number of objects
14:49:24: 1 number of objects freezed
14:49:28: selected 1 object by mouse click
14:49:28: move operation for 1 number of objects
14:49:32: selected 1 object by mouse click
14:49:32: move operation for 1 number of objects
14:49:36: 1 number of objects freezed
14:49:38: selected 1 object by mouse click
14:49:38: move operation for 1 number of objects
14:49:40: 1 number of objects freezed
14:49:42: selected 1 object by mouse click
14:49:42: move operation for 1 number of objects
14:49:45: 1 number of objects freezed
14:49:48: selected 1 object by mouse click
14:49:48: move operation for 1 number of objects
14:49:50: 1 number of objects freezed
14:49:53: selected 1 object by mouse click
14:49:53: move operation for 1 number of objects
14:49:57: selected 1 object by mouse click
14:49:57: move operation for 1 number of objects
14:50:03: selected 1 object by mouse click
14:50:03: move operation for 1 number of objects
14:50:05: selected 1 object by mouse click
14:50:05: move operation for 1 number of objects
14:50:09: selected 1 object by mouse click
14:50:09: move operation for 1 number of objects
14:50:15: selected 1 object by mouse click
14:50:15: move operation for 1 number of objects
14:50:18: selected 1 object by mouse click
14:50:18: move operation for 1 number of objects
14:50:20: selected 1 object by mouse click
14:50:20: move operation for 1 number of objects
14:50:23: selected 1 object by mouse click
14:50:23: move operation for 1 number of objects
14:50:24: 1 number of objects freezed
14:50:26: selected 1 object by mouse click
14:50:26: move operation for 1 number of objects
14:50:29: 1 number of objects freezed
14:50:30: selected 1 object by mouse click
14:50:30: move operation for 1 number of objects
14:50:33: 1 number of objects freezed
14:50:35: selected 1 object by mouse click
14:50:35: move operation for 1 number of objects
14:50:38: selected 1 object by mouse click
14:50:38: move operation for 1 number of objects
14:50:41: selected 1 object by mouse click
14:50:41: move operation for 1 number of objects
14:50:43: 1 number of objects freezed
14:50:44: selected 1 object by mouse click
14:50:44: move operation for 1 number of objects
14:50:47: selected 1 object by mouse click
14:50:47: move operation for 1 number of objects
14:50:48: move operation for 1 number of objects
14:50:51: selected 1 object by mouse click
14:50:51: move operation for 1 number of objects
14:50:54: selected 1 object by mouse click
14:50:54: move operation for 1 number of objects
14:50:59: 1 number of objects freezed
14:51:01: selected 1 object by mouse click
14:51:01: move operation for 1 number of objects
14:51:02: 1 number of objects freezed
14:51:03: selected 1 object by mouse click
14:51:03: move operation for 1 number of objects
14:51:05: 1 number of objects freezed
14:51:06: selected 1 object by mouse click
14:51:06: move operation for 1 number of objects
14:51:08: 1 number of objects freezed
14:51:10: selected 1 object by mouse click
14:51:10: move operation for 1 number of objects
14:51:11: 1 number of objects freezed
14:51:13: selected 1 object by mouse click
14:51:13: move operation for 1 number of objects
14:51:15: 1 number of objects freezed
14:51:16: selected 1 object by mouse click
14:51:16: move operation for 1 number of objects
14:51:18: 1 number of objects freezed
14:51:22: Rectangular selection of 4
14:51:22: Num of selected obj: 4
14:51:24: Rectangular selection of 5
14:51:24: Num of selected obj: 5
14:51:26: batch selection popup menu for 5 objects
14:51:27: Pile operation occured
14:51:29: move operation for pile
14:51:33: selected 1 object by mouse click
14:51:33: move operation for 1 number of objects
14:51:34: 1 number of objects freezed
14:51:38: selected 1 object by mouse click
14:51:38: move operation for 1 number of objects
14:51:39: 1 number of objects freezed
14:51:41: selected 1 object by mouse click
14:51:41: move operation for 1 number of objects
14:51:43: 1 number of objects freezed
14:51:44: selected 1 object by mouse click
14:51:44: move operation for 1 number of objects
14:51:49: selected 1 object by mouse click
14:51:49: move operation for 1 number of objects
14:51:50: 1 number of objects freezed
14:51:52: selected 1 object by mouse click
14:51:52: move operation for 1 number of objects
14:51:53: 1 number of objects freezed
14:51:55: selected 1 object by mouse click
14:51:55: move operation for 1 number of objects
14:51:56: 1 number of objects freezed
14:51:59: selected 1 object by mouse click
14:51:59: move operation for 1 number of objects
14:52:04: 1 number of objects freezed
14:52:05: selected 1 object by mouse click
14:52:05: move operation for 1 number of objects
14:52:08: 1 number of objects freezed
14:52:11: selected 1 object by mouse click
14:52:11: move operation for 1 number of objects
14:52:14: selected 1 object by mouse click
14:52:14: move operation for 1 number of objects
14:52:17: selected 1 object by mouse click
14:52:17: move operation for 1 number of objects
14:52:19: 1 number of objects freezed
14:52:22: selected 1 object by mouse click
14:52:22: move operation for 1 number of objects
14:52:24: selected 1 object by mouse click
14:52:24: move operation for 1 number of objects
14:52:27: selected 1 object by mouse click
14:52:27: move operation for 1 number of objects
14:52:29: selected 1 object by mouse click
14:52:29: move operation for 1 number of objects
14:52:32: selected 1 object by mouse click
14:52:32: move operation for 1 number of objects
14:52:34: 1 number of objects freezed
14:52:35: selected 1 object by mouse click
14:52:35: move operation for 1 number of objects
14:52:37: move operation for 1 number of objects
14:52:41: selected 1 object by mouse click
14:52:41: move operation for 1 number of objects
14:52:44: selected 1 object by mouse click
14:52:44: move operation for 1 number of objects
14:52:47: selected 1 object by mouse click
14:52:47: move operation for 1 number of objects
14:52:52: Rectangular selection of 0
14:52:52: Num of selected obj: 0
14:52:54: Rectangular selection of 0
14:52:54: Num of selected obj: 0
14:52:57: Rectangular selection of 0
14:52:57: Num of selected obj: 0
14:52:59: Rectangular selection of 0
14:52:59: Num of selected obj: 0
14:53:01: Rectangular selection of 0
14:53:01: Num of selected obj: 0
14:53:03: selected 1 object by mouse click
14:53:03: move operation for 1 number of objects
14:53:06: selected 1 object by mouse click
14:53:06: move operation for 1 number of objects
14:53:09: Rectangular selection of 0
14:53:09: Num of selected obj: 0
14:53:11: Rectangular selection of 0
14:53:11: Num of selected obj: 0
14:53:13: selected 1 object by mouse click
14:53:13: move operation for 1 number of objects
14:53:17: selected 1 object by mouse click
14:53:17: move operation for 1 number of objects
14:53:19: selected 1 object by mouse click
14:53:19: move operation for 1 number of objects
14:53:23: selected 1 object by mouse click
14:53:23: move operation for 1 number of objects
14:53:26: Rectangular selection of 10
14:53:26: Num of selected obj: 10
14:53:28: batch selection popup menu for 10 objects
14:53:30: Pile operation occured
14:53:31: move operation for pile
14:53:36: move operation for pile
14:53:37: move operation for pile
14:53:41: move operation for pile
14:53:47: Rectangular selection of 0
14:53:47: Num of selected obj: 0
14:53:50: Rectangular selection of 0
14:53:50: Num of selected obj: 0
14:53:53: Rectangular selection of 0
14:53:53: Num of selected obj: 0
14:53:55: move operation for pile
14:54:01: Rectangular selection of 0
14:54:01: Num of selected obj: 0
14:54:04: Rectangular selection of 0
14:54:04: Num of selected obj: 0
14:54:07: Rectangular selection of 0
14:54:07: Num of selected obj: 0
14:54:08: Rectangular selection of 0
14:54:08: Num of selected obj: 0
14:54:11: selected 1 object by mouse click
14:54:11: move operation for 1 number of objects
14:54:13: 1 number of objects freezed
14:54:14: selected 1 object by mouse click
14:54:14: move operation for 1 number of objects
14:54:15: 1 number of objects freezed
14:54:17: selected 1 object by mouse click
14:54:17: move operation for 1 number of objects
14:54:18: 1 number of objects freezed
14:54:19: camera pan operation
14:54:20: camera pan operation
14:54:22: Rectangular selection of 0
14:54:22: Num of selected obj: 0
14:54:26: move operation for pile
14:54:29: move operation for pile
14:54:35: Rectangular selection of 0
14:54:35: Num of selected obj: 0
14:54:37: Rectangular selection of 0
14:54:37: Num of selected obj: 0
14:54:38: Rectangular selection of 0
14:54:38: Num of selected obj: 0
14:54:43: Rectangular selection of 0
14:54:43: Num of selected obj: 0
14:54:45: Rectangular selection of 0
14:54:45: Num of selected obj: 0
14:54:47: Rectangular selection of 0
14:54:47: Num of selected obj: 0
14:54:49: Rectangular selection of 0
14:54:49: Num of selected obj: 0
14:54:51: Rectangular selection of 0
14:54:51: Num of selected obj: 0
14:54:52: Rectangular selection of 0
14:54:52: Num of selected obj: 0
14:54:59: move operation for pile
14:55:01: pile popup menu
14:55:02: Unpile operation occured
14:55:02: Number of selected objects 10
14:55:07: move operation for 10 number of objects
14:55:09: 10 number of objects freezed
14:55:13: move operation for pile
14:55:14: pile popup menu
14:55:15: Unpile operation occured
14:55:15: Number of selected objects 5
14:55:17: move operation for 5 number of objects
14:55:19: 5 number of objects freezed
