14:55:48: Number of created objects: 50
14:55:52: selected 1 object by mouse click
14:55:52: move operation for 1 number of objects
14:55:54: 1 number of objects freezed
14:55:55: selected 1 object by mouse click
14:55:55: move operation for 1 number of objects
14:55:56: 1 number of objects freezed
14:55:58: selected 1 object by mouse click
14:55:58: move operation for 1 number of objects
14:56:00: move operation for 1 number of objects
14:56:01: 1 number of objects freezed
14:56:03: selected 1 object by mouse click
14:56:03: move operation for 1 number of objects
14:56:05: 1 number of objects freezed
14:56:06: selected 1 object by mouse click
14:56:06: move operation for 1 number of objects
14:56:08: 1 number of objects freezed
14:56:10: Rectangular selection of 0
14:56:10: Num of selected obj: 0
14:56:12: selected 1 object by mouse click
14:56:12: move operation for 1 number of objects
14:56:14: 1 number of objects freezed
14:56:14: selected 1 object by mouse click
14:56:14: move operation for 1 number of objects
14:56:18: 1 number of objects freezed
14:56:21: selected 1 object by mouse click
14:56:21: move operation for 1 number of objects
14:56:22: selected 1 object by mouse click
14:56:22: move operation for 1 number of objects
14:56:23: selected 1 object by mouse click
14:56:23: move operation for 1 number of objects
14:56:25: selected 1 object by mouse click
14:56:25: move operation for 1 number of objects
14:56:28: selected 1 object by mouse click
14:56:28: move operation for 1 number of objects
14:56:30: selected 1 object by mouse click
14:56:30: move operation for 1 number of objects
14:56:32: selected 1 object by mouse click
14:56:32: move operation for 1 number of objects
14:56:35: selected 1 object by mouse click
14:56:35: move operation for 1 number of objects
14:56:37: 1 number of objects freezed
14:56:38: selected 1 object by mouse click
14:56:38: move operation for 1 number of objects
14:56:41: selected 1 object by mouse click
14:56:41: move operation for 1 number of objects
14:56:43: selected 1 object by mouse click
14:56:43: move operation for 1 number of objects
14:56:45: selected 1 object by mouse click
14:56:45: move operation for 1 number of objects
14:56:49: selected 1 object by mouse click
14:56:49: move operation for 1 number of objects
14:56:52: selected 1 object by mouse click
14:56:52: move operation for 1 number of objects
14:56:54: selected 1 object by mouse click
14:56:54: move operation for 1 number of objects
14:56:54: 1 number of objects freezed
14:56:55: selected 1 object by mouse click
14:56:55: move operation for 1 number of objects
14:56:57: 1 number of objects freezed
14:56:58: selected 1 object by mouse click
14:56:58: move operation for 1 number of objects
14:57:00: 1 number of objects freezed
14:57:01: selected 1 object by mouse click
14:57:01: move operation for 1 number of objects
14:57:02: 1 number of objects freezed
14:57:03: selected 1 object by mouse click
14:57:03: move operation for 1 number of objects
14:57:04: 1 number of objects freezed
14:57:05: selected 1 object by mouse click
14:57:05: move operation for 1 number of objects
14:57:06: 1 number of objects freezed
14:57:08: selected 1 object by mouse click
14:57:08: move operation for 1 number of objects
14:57:09: selected 1 object by mouse click
14:57:09: move operation for 1 number of objects
14:57:11: selected 1 object by mouse click
14:57:11: move operation for 1 number of objects
14:57:12: 1 number of objects freezed
14:57:13: selected 1 object by mouse click
14:57:13: move operation for 1 number of objects
14:57:14: 1 number of objects freezed
14:57:15: selected 1 object by mouse click
14:57:15: move operation for 1 number of objects
14:57:17: 1 number of objects freezed
14:57:18: selected 1 object by mouse click
14:57:18: move operation for 1 number of objects
14:57:19: 1 number of objects freezed
14:57:20: selected 1 object by mouse click
14:57:20: move operation for 1 number of objects
14:57:22: selected 1 object by mouse click
14:57:22: move operation for 1 number of objects
14:57:24: selected 1 object by mouse click
14:57:24: move operation for 1 number of objects
14:57:28: selected 1 object by mouse click
14:57:28: move operation for 1 number of objects
14:57:32: selected 1 object by mouse click
14:57:32: move operation for 1 number of objects
14:57:35: 1 number of objects freezed
14:57:36: selected 1 object by mouse click
14:57:36: move operation for 1 number of objects
14:57:38: selected 1 object by mouse click
14:57:38: move operation for 1 number of objects
14:57:40: selected 1 object by mouse click
14:57:40: move operation for 1 number of objects
14:57:42: selected 1 object by mouse click
14:57:42: move operation for 1 number of objects
14:57:43: 1 number of objects freezed
14:57:44: selected 1 object by mouse click
14:57:44: move operation for 1 number of objects
14:57:46: selected 1 object by mouse click
14:57:46: move operation for 1 number of objects
14:57:48: selected 1 object by mouse click
14:57:48: move operation for 1 number of objects
14:57:49: 1 number of objects freezed
14:57:50: selected 1 object by mouse click
14:57:50: move operation for 1 number of objects
14:57:53: selected 1 object by mouse click
14:57:53: move operation for 1 number of objects
14:57:55: selected 1 object by mouse click
14:57:55: move operation for 1 number of objects
14:57:58: Rectangular selection of 9
14:57:58: Num of selected obj: 9
14:57:59: move operation for 9 number of objects
14:58:01: 8 number of objects freezed
14:58:02: move operation for 1 number of objects
14:58:04: Rectangular selection of 0
14:58:04: Num of selected obj: 0
14:58:05: selected 1 object by mouse click
14:58:05: move operation for 1 number of objects
14:58:06: 1 number of objects freezed
14:58:08: selected 1 object by mouse click
14:58:08: move operation for 1 number of objects
14:58:09: 1 number of objects freezed
14:58:11: Rectangular selection of 2
14:58:11: Num of selected obj: 2
14:58:12: Rectangular selection of 8
14:58:12: Num of selected obj: 8
14:58:13: move operation for 8 number of objects
14:58:15: 8 number of objects freezed
14:58:17: Rectangular selection of 10
14:58:17: Num of selected obj: 10
14:58:18: move operation for 10 number of objects
14:58:19: 10 number of objects freezed
14:58:24: selected 1 object by mouse click
14:58:24: move operation for 1 number of objects
14:58:26: 1 number of objects freezed
