15:16:06: Number of created objects: 50
15:16:09: selected 1 object by mouse click
15:16:09: move operation for 1 number of objects
15:16:11: 1 number of objects freezed
15:16:12: selected 1 object by mouse click
15:16:12: move operation for 1 number of objects
15:16:13: 1 number of objects freezed
15:16:13: selected 1 object by mouse click
15:16:13: move operation for 1 number of objects
15:16:14: 1 number of objects freezed
15:16:15: selected 1 object by mouse click
15:16:15: move operation for 1 number of objects
15:16:17: 1 number of objects freezed
15:16:20: selected 1 object by mouse click
15:16:20: move operation for 1 number of objects
15:16:21: 1 number of objects freezed
15:16:23: selected 1 object by mouse click
15:16:23: move operation for 1 number of objects
15:16:24: 1 number of objects freezed
15:16:25: selected 1 object by mouse click
15:16:25: move operation for 1 number of objects
15:16:27: 1 number of objects freezed
15:16:27: selected 1 object by mouse click
15:16:27: move operation for 1 number of objects
15:16:29: 1 number of objects freezed
15:16:29: selected 1 object by mouse click
15:16:29: move operation for 1 number of objects
15:16:30: 1 number of objects freezed
15:16:31: selected 1 object by mouse click
15:16:31: move operation for 1 number of objects
15:16:32: 1 number of objects freezed
15:16:33: selected 1 object by mouse click
15:16:33: move operation for 1 number of objects
15:16:34: 1 number of objects freezed
15:16:35: selected 1 object by mouse click
15:16:35: move operation for 1 number of objects
15:16:36: 1 number of objects freezed
15:16:37: selected 1 object by mouse click
15:16:37: move operation for 1 number of objects
15:16:38: 1 number of objects freezed
15:16:39: selected 1 object by mouse click
15:16:39: move operation for 1 number of objects
15:16:40: 1 number of objects freezed
15:16:41: selected 1 object by mouse click
15:16:41: move operation for 1 number of objects
15:16:43: 1 number of objects freezed
15:16:44: selected 1 object by mouse click
15:16:44: move operation for 1 number of objects
15:16:45: 1 number of objects freezed
15:16:46: selected 1 object by mouse click
15:16:46: move operation for 1 number of objects
15:16:47: 1 number of objects freezed
15:16:47: selected 1 object by mouse click
15:16:47: move operation for 1 number of objects
15:16:48: 1 number of objects freezed
15:16:50: selected 1 object by mouse click
15:16:50: move operation for 1 number of objects
15:16:51: 1 number of objects freezed
15:16:52: selected 1 object by mouse click
15:16:52: move operation for 1 number of objects
15:16:53: 1 number of objects freezed
15:16:54: selected 1 object by mouse click
15:16:54: move operation for 1 number of objects
15:16:56: 1 number of objects freezed
15:16:56: selected 1 object by mouse click
15:16:56: move operation for 1 number of objects
15:16:58: 1 number of objects freezed
15:16:59: selected 1 object by mouse click
15:16:59: move operation for 1 number of objects
15:17:00: 1 number of objects freezed
15:17:01: selected 1 object by mouse click
15:17:01: move operation for 1 number of objects
15:17:03: move operation for 1 number of objects
15:17:05: 1 number of objects freezed
15:17:06: selected 1 object by mouse click
15:17:06: move operation for 1 number of objects
15:17:07: 1 number of objects freezed
15:17:08: selected 1 object by mouse click
15:17:08: move operation for 1 number of objects
15:17:10: 1 number of objects freezed
15:17:11: selected 1 object by mouse click
15:17:11: move operation for 1 number of objects
15:17:13: 1 number of objects freezed
15:17:14: selected 1 object by mouse click
15:17:14: move operation for 1 number of objects
15:17:16: 1 number of objects freezed
15:17:17: selected 1 object by mouse click
15:17:17: move operation for 1 number of objects
15:17:19: 1 number of objects freezed
15:17:20: selected 1 object by mouse click
15:17:20: move operation for 1 number of objects
15:17:21: 1 number of objects freezed
15:17:23: selected 1 object by mouse click
15:17:23: move operation for 1 number of objects
15:17:24: 1 number of objects freezed
15:17:25: selected 1 object by mouse click
15:17:25: move operation for 1 number of objects
15:17:26: 1 number of objects freezed
15:17:27: selected 1 object by mouse click
15:17:27: move operation for 1 number of objects
15:17:28: 1 number of objects freezed
15:17:29: selected 1 object by mouse click
15:17:29: move operation for 1 number of objects
15:17:31: 1 number of objects freezed
15:17:32: selected 1 object by mouse click
15:17:32: move operation for 1 number of objects
15:17:34: 1 number of objects freezed
15:17:35: selected 1 object by mouse click
15:17:35: move operation for 1 number of objects
15:17:36: 1 number of objects freezed
15:17:36: Rectangular selection of 14
15:17:36: Num of selected obj: 14
15:17:39: selected 1 object by mouse click
15:17:39: move operation for 1 number of objects
15:17:40: 1 number of objects freezed
15:17:41: selected 1 object by mouse click
15:17:41: move operation for 1 number of objects
15:17:43: 1 number of objects freezed
15:17:44: selected 1 object by mouse click
15:17:44: move operation for 1 number of objects
15:17:46: 1 number of objects freezed
15:17:47: selected 1 object by mouse click
15:17:47: move operation for 1 number of objects
15:17:47: 1 number of objects freezed
15:17:48: selected 1 object by mouse click
15:17:48: move operation for 1 number of objects
15:17:49: 1 number of objects freezed
15:17:50: Rectangular selection of 0
15:17:50: Num of selected obj: 0
15:17:51: selected 1 object by mouse click
15:17:51: move operation for 1 number of objects
15:17:52: 1 number of objects freezed
15:17:53: selected 1 object by mouse click
15:17:53: move operation for 1 number of objects
15:17:56: 1 number of objects freezed
15:17:57: selected 1 object by mouse click
15:17:57: move operation for 1 number of objects
15:17:59: 1 number of objects freezed
15:18:00: selected 1 object by mouse click
15:18:00: move operation for 1 number of objects
15:18:01: 1 number of objects freezed
15:18:02: selected 1 object by mouse click
15:18:02: move operation for 1 number of objects
15:18:05: 1 number of objects freezed
15:18:06: selected 1 object by mouse click
15:18:06: move operation for 1 number of objects
15:18:08: 1 number of objects freezed
15:18:09: selected 1 object by mouse click
15:18:09: move operation for 1 number of objects
15:18:11: 1 number of objects freezed
15:18:12: selected 1 object by mouse click
15:18:12: move operation for 1 number of objects
15:18:13: 1 number of objects freezed
15:18:14: selected 1 object by mouse click
15:18:14: move operation for 1 number of objects
15:18:16: 1 number of objects freezed
