15:12:58: Number of created objects: 50
15:13:03: Rectangular selection of 50
15:13:03: Num of selected obj: 50
15:13:03: batch selection popup menu for 50 objects
15:13:05: Pile operation occured
15:13:06: pile popup menu
15:13:07: Grid operation occured
15:13:07: Number of selected objects 50
15:13:08: move operation for 50 number of objects
15:13:10: selected 1 object by mouse click
15:13:10: move operation for 1 number of objects
15:13:12: 1 number of objects freezed
15:13:13: selected 1 object by mouse click
15:13:13: move operation for 1 number of objects
15:13:14: selected 1 object by mouse click
15:13:14: move operation for 1 number of objects
15:13:15: selected 1 object by mouse click
15:13:15: move operation for 1 number of objects
15:13:16: move operation for 1 number of objects
15:13:18: 1 number of objects freezed
15:13:20: selected 1 object by mouse click
15:13:20: move operation for 1 number of objects
15:13:21: 1 number of objects freezed
15:13:23: selected 1 object by mouse click
15:13:23: move operation for 1 number of objects
15:13:24: 1 number of objects freezed
15:13:25: selected 1 object by mouse click
15:13:25: move operation for 1 number of objects
15:13:26: 1 number of objects freezed
15:13:27: selected 1 object by mouse click
15:13:27: move operation for 1 number of objects
15:13:28: 1 number of objects freezed
15:13:28: selected 1 object by mouse click
15:13:28: move operation for 1 number of objects
15:13:29: 1 number of objects freezed
15:13:30: selected 1 object by mouse click
15:13:30: move operation for 1 number of objects
15:13:31: selected 1 object by mouse click
15:13:31: move operation for 1 number of objects
15:13:33: 1 number of objects freezed
15:13:33: selected 1 object by mouse click
15:13:33: move operation for 1 number of objects
15:13:34: 1 number of objects freezed
15:13:35: selected 1 object by mouse click
15:13:35: move operation for 1 number of objects
15:13:38: 1 number of objects freezed
15:13:39: selected 1 object by mouse click
15:13:39: move operation for 1 number of objects
15:13:39: 1 number of objects freezed
15:13:40: selected 1 object by mouse click
15:13:40: move operation for 1 number of objects
15:13:42: Rectangular selection of 10
15:13:42: Num of selected obj: 10
15:13:43: batch selection popup menu for 10 objects
15:13:43: Pile operation occured
15:13:44: pile popup menu
15:13:45: Grid operation occured
15:13:45: Number of selected objects 10
15:13:47: Rectangular selection of 0
15:13:47: Num of selected obj: 0
15:13:47: selected 1 object by mouse click
15:13:47: move operation for 1 number of objects
15:13:49: 1 number of objects freezed
15:13:49: selected 1 object by mouse click
15:13:49: move operation for 1 number of objects
15:13:50: 1 number of objects freezed
15:13:51: selected 1 object by mouse click
15:13:51: move operation for 1 number of objects
15:13:53: 1 number of objects freezed
15:13:53: selected 1 object by mouse click
15:13:53: move operation for 1 number of objects
15:13:55: 1 number of objects freezed
15:13:55: selected 1 object by mouse click
15:13:55: move operation for 1 number of objects
15:13:56: 1 number of objects freezed
15:13:57: selected 1 object by mouse click
15:13:57: move operation for 1 number of objects
15:13:58: 1 number of objects freezed
15:13:59: selected 1 object by mouse click
15:13:59: move operation for 1 number of objects
15:14:00: 1 number of objects freezed
15:14:00: selected 1 object by mouse click
15:14:00: move operation for 1 number of objects
15:14:01: 1 number of objects freezed
15:14:02: selected 1 object by mouse click
15:14:02: move operation for 1 number of objects
15:14:03: 1 number of objects freezed
15:14:05: camera pan operation
15:14:07: selected 1 object by mouse click
15:14:07: move operation for 1 number of objects
15:14:07: 1 number of objects freezed
15:14:08: selected 1 object by mouse click
15:14:08: move operation for 1 number of objects
15:14:13: move operation for 1 number of objects
15:14:13: 1 number of objects freezed
15:14:14: selected 1 object by mouse click
15:14:14: move operation for 1 number of objects
15:14:15: 1 number of objects freezed
15:14:15: selected 1 object by mouse click
15:14:15: move operation for 1 number of objects
15:14:17: 1 number of objects freezed
15:14:17: selected 1 object by mouse click
15:14:17: move operation for 1 number of objects
15:14:19: 1 number of objects freezed
15:14:20: selected 1 object by mouse click
15:14:20: move operation for 1 number of objects
15:14:21: 1 number of objects freezed
15:14:22: selected 1 object by mouse click
15:14:22: move operation for 1 number of objects
15:14:24: 1 number of objects freezed
15:14:24: selected 1 object by mouse click
15:14:24: move operation for 1 number of objects
15:14:25: 1 number of objects freezed
15:14:26: selected 1 object by mouse click
15:14:26: move operation for 1 number of objects
15:14:26: 1 number of objects freezed
15:14:27: selected 1 object by mouse click
15:14:27: move operation for 1 number of objects
15:14:29: 1 number of objects freezed
15:14:30: selected 1 object by mouse click
15:14:30: move operation for 1 number of objects
15:14:30: 1 number of objects freezed
15:14:31: selected 1 object by mouse click
15:14:31: move operation for 1 number of objects
15:14:32: 1 number of objects freezed
15:14:33: selected 1 object by mouse click
15:14:33: move operation for 1 number of objects
15:14:33: 1 number of objects freezed
15:14:34: selected 1 object by mouse click
15:14:34: move operation for 1 number of objects
15:14:34: 1 number of objects freezed
15:14:35: selected 1 object by mouse click
15:14:35: move operation for 1 number of objects
15:14:36: 1 number of objects freezed
15:14:36: selected 1 object by mouse click
15:14:36: move operation for 1 number of objects
15:14:37: 1 number of objects freezed
15:14:38: selected 1 object by mouse click
15:14:38: move operation for 1 number of objects
15:14:39: selected 1 object by mouse click
15:14:39: move operation for 1 number of objects
15:14:41: selected 1 object by mouse click
15:14:41: move operation for 1 number of objects
15:14:43: selected 1 object by mouse click
15:14:43: move operation for 1 number of objects
15:14:44: 1 number of objects freezed
15:14:44: selected 1 object by mouse click
15:14:44: move operation for 1 number of objects
15:14:45: 1 number of objects freezed
15:14:45: selected 1 object by mouse click
15:14:45: move operation for 1 number of objects
15:14:46: 1 number of objects freezed
15:14:46: selected 1 object by mouse click
15:14:46: move operation for 1 number of objects
15:14:47: 1 number of objects freezed
15:14:48: selected 1 object by mouse click
15:14:48: move operation for 1 number of objects
15:14:48: 1 number of objects freezed
15:14:50: Rectangular selection of 1
15:14:50: Num of selected obj: 1
15:14:50: move operation for 1 number of objects
15:14:51: 1 number of objects freezed
15:14:52: selected 1 object by mouse click
15:14:52: move operation for 1 number of objects
15:14:52: move operation for 1 number of objects
15:14:54: 1 number of objects freezed
15:14:55: selected 1 object by mouse click
15:14:55: move operation for 1 number of objects
15:14:56: 1 number of objects freezed
15:14:57: selected 1 object by mouse click
15:14:57: move operation for 1 number of objects
15:14:58: 1 number of objects freezed
15:14:59: selected 1 object by mouse click
15:14:59: move operation for 1 number of objects
15:15:00: move operation for 1 number of objects
15:15:02: 1 number of objects freezed
15:15:04: selected 1 object by mouse click
15:15:04: move operation for 1 number of objects
15:15:06: 1 number of objects freezed
15:15:07: selected 1 object by mouse click
15:15:07: move operation for 1 number of objects
15:15:09: move operation for 1 number of objects
15:15:12: selected 1 object by mouse click
15:15:12: move operation for 1 number of objects
15:15:14: selected 1 object by mouse click
15:15:14: move operation for 1 number of objects
15:15:15: 1 number of objects freezed
15:15:17: Rectangular selection of 0
15:15:17: Num of selected obj: 0
15:15:18: Rectangular selection of 0
15:15:18: Num of selected obj: 0
15:15:18: Rectangular selection of 0
15:15:18: Num of selected obj: 0
15:15:18: Rectangular selection of 0
15:15:18: Num of selected obj: 0
15:15:19: Rectangular selection of 0
15:15:19: Num of selected obj: 0
15:15:20: selected 1 object by mouse click
15:15:20: move operation for 1 number of objects
15:15:21: selected 1 object by mouse click
15:15:21: move operation for 1 number of objects
15:15:23: 1 number of objects freezed
15:15:24: Rectangular selection of 0
15:15:24: Num of selected obj: 0
15:15:25: Rectangular selection of 0
15:15:25: Num of selected obj: 0
15:15:26: Rectangular selection of 0
15:15:26: Num of selected obj: 0
15:15:27: Rectangular selection of 0
15:15:27: Num of selected obj: 0
15:15:28: Rectangular selection of 0
15:15:28: Num of selected obj: 0
15:15:29: Rectangular selection of 0
15:15:29: Num of selected obj: 0
15:15:30: selected 1 object by mouse click
15:15:30: move operation for 1 number of objects
15:15:31: Rectangular selection of 0
15:15:31: Num of selected obj: 0
15:15:31: selected 1 object by mouse click
15:15:31: move operation for 1 number of objects
15:15:32: 1 number of objects freezed
