15:43:52: Number of created objects: 50
15:43:59: selected 1 object by mouse click
15:43:59: move operation for 1 number of objects
15:44:01: selected 1 object by mouse click
15:44:01: move operation for 1 number of objects
15:44:02: selected 1 object by mouse click
15:44:02: move operation for 1 number of objects
15:44:04: selected 1 object by mouse click
15:44:04: move operation for 1 number of objects
15:44:06: selected 1 object by mouse click
15:44:06: move operation for 1 number of objects
15:44:10: Rectangular selection of 24
15:44:10: Num of selected obj: 24
15:44:10: move operation for 24 number of objects
15:44:14: selected 1 object by mouse click
15:44:14: move operation for 1 number of objects
15:44:14: 1 number of objects freezed
15:44:15: selected 1 object by mouse click
15:44:15: move operation for 1 number of objects
15:44:17: selected 1 object by mouse click
15:44:17: move operation for 1 number of objects
15:44:18: selected 1 object by mouse click
15:44:18: move operation for 1 number of objects
15:44:20: selected 1 object by mouse click
15:44:20: move operation for 1 number of objects
15:44:21: 1 number of objects freezed
15:44:21: selected 1 object by mouse click
15:44:21: move operation for 1 number of objects
15:44:23: selected 1 object by mouse click
15:44:23: move operation for 1 number of objects
15:44:24: selected 1 object by mouse click
15:44:24: move operation for 1 number of objects
15:44:26: selected 1 object by mouse click
15:44:26: move operation for 1 number of objects
15:44:27: selected 1 object by mouse click
15:44:27: move operation for 1 number of objects
15:44:32: Rectangular selection of 5
15:44:32: Num of selected obj: 5
15:44:34: move operation for 5 number of objects
15:44:35: move operation for 5 number of objects
15:44:37: selected 1 object by mouse click
15:44:37: move operation for 1 number of objects
15:44:38: 1 number of objects freezed
15:44:38: selected 1 object by mouse click
15:44:38: move operation for 1 number of objects
15:44:40: 1 number of objects freezed
15:44:42: Rectangular selection of 4
15:44:42: Num of selected obj: 4
15:44:42: batch selection popup menu for 4 objects
15:44:44: Pile operation occured
15:44:44: move operation for pile
15:44:45: pile popup menu
15:44:47: Unpile operation occured
15:44:47: Number of selected objects 4
15:44:48: move operation for 4 number of objects
15:44:48: 4 number of objects freezed
15:44:51: selected 1 object by mouse click
15:44:51: move operation for 1 number of objects
15:44:53: Rectangular selection of 0
15:44:53: Num of selected obj: 0
15:44:54: selected 1 object by mouse click
15:44:54: move operation for 1 number of objects
15:44:55: 1 number of objects freezed
15:44:56: selected 1 object by mouse click
15:44:56: move operation for 1 number of objects
15:44:57: 1 number of objects freezed
15:44:58: selected 1 object by mouse click
15:44:58: move operation for 1 number of objects
15:44:59: 1 number of objects freezed
15:45:00: selected 1 object by mouse click
15:45:00: move operation for 1 number of objects
15:45:02: selected 1 object by mouse click
15:45:02: move operation for 1 number of objects
15:45:04: selected 1 object by mouse click
15:45:04: move operation for 1 number of objects
15:45:06: selected 1 object by mouse click
15:45:06: move operation for 1 number of objects
15:45:07: 1 number of objects freezed
15:45:08: selected 1 object by mouse click
15:45:08: move operation for 1 number of objects
15:45:09: 1 number of objects freezed
15:45:10: selected 1 object by mouse click
15:45:10: move operation for 1 number of objects
15:45:11: selected 1 object by mouse click
15:45:11: move operation for 1 number of objects
15:45:14: selected 1 object by mouse click
15:45:14: move operation for 1 number of objects
15:45:16: selected 1 object by mouse click
15:45:16: move operation for 1 number of objects
15:45:18: selected 1 object by mouse click
15:45:18: move operation for 1 number of objects
15:45:19: selected 1 object by mouse click
15:45:19: move operation for 1 number of objects
15:45:21: 1 number of objects freezed
15:45:22: selected 1 object by mouse click
15:45:22: move operation for 1 number of objects
15:45:23: 1 number of objects freezed
15:45:25: Rectangular selection of 0
15:45:25: Num of selected obj: 0
15:45:25: selected 1 object by mouse click
15:45:25: move operation for 1 number of objects
15:45:26: selected 1 object by mouse click
15:45:26: move operation for 1 number of objects
15:45:28: selected 1 object by mouse click
15:45:28: move operation for 1 number of objects
15:45:29: 1 number of objects freezed
15:45:30: selected 1 object by mouse click
15:45:30: move operation for 1 number of objects
15:45:31: 1 number of objects freezed
15:45:32: selected 1 object by mouse click
15:45:32: move operation for 1 number of objects
15:45:34: 1 number of objects freezed
15:45:35: selected 1 object by mouse click
15:45:35: move operation for 1 number of objects
15:45:36: 1 number of objects freezed
15:45:37: selected 1 object by mouse click
15:45:37: move operation for 1 number of objects
15:45:39: 1 number of objects freezed
15:45:40: selected 1 object by mouse click
15:45:40: move operation for 1 number of objects
15:45:43: 1 number of objects freezed
15:45:44: selected 1 object by mouse click
15:45:44: move operation for 1 number of objects
15:45:45: 1 number of objects freezed
15:45:46: selected 1 object by mouse click
15:45:46: move operation for 1 number of objects
15:45:47: selected 1 object by mouse click
15:45:47: move operation for 1 number of objects
15:45:48: selected 1 object by mouse click
15:45:48: move operation for 1 number of objects
15:45:49: selected 1 object by mouse click
15:45:49: move operation for 1 number of objects
15:45:51: 1 number of objects freezed
15:45:51: selected 1 object by mouse click
15:45:51: move operation for 1 number of objects
15:45:52: 1 number of objects freezed
15:45:53: selected 1 object by mouse click
15:45:53: move operation for 1 number of objects
15:45:55: selected 1 object by mouse click
15:45:55: move operation for 1 number of objects
15:45:57: selected 1 object by mouse click
15:45:57: move operation for 1 number of objects
15:45:58: selected 1 object by mouse click
15:45:58: move operation for 1 number of objects
15:45:59: 1 number of objects freezed
15:46:00: selected 1 object by mouse click
15:46:00: move operation for 1 number of objects
15:46:01: 1 number of objects freezed
15:46:02: selected 1 object by mouse click
15:46:02: move operation for 1 number of objects
15:46:03: 1 number of objects freezed
15:46:04: selected 1 object by mouse click
15:46:04: move operation for 1 number of objects
15:46:06: selected 1 object by mouse click
15:46:06: move operation for 1 number of objects
15:46:07: selected 1 object by mouse click
15:46:07: move operation for 1 number of objects
15:46:09: Rectangular selection of 8
15:46:09: Num of selected obj: 8
15:46:11: Rectangular selection of 10
15:46:11: Num of selected obj: 10
15:46:12: batch selection popup menu for 10 objects
15:46:14: Pile operation occured
15:46:14: move operation for pile
15:46:16: pile popup menu
15:46:17: Unpile operation occured
15:46:17: Number of selected objects 10
15:46:20: move operation for 10 number of objects
15:46:20: 10 number of objects freezed
15:46:21: selected 1 object by mouse click
15:46:21: move operation for 1 number of objects
15:46:22: 1 number of objects freezed
15:46:23: selected 1 object by mouse click
15:46:23: move operation for 1 number of objects
15:46:25: Rectangular selection of 9
15:46:25: Num of selected obj: 9
15:46:25: batch selection popup menu for 9 objects
15:46:27: Pile operation occured
15:46:27: move operation for pile
15:46:29: pile popup menu
15:46:30: Unpile operation occured
15:46:30: Number of selected objects 9
15:46:30: move operation for 9 number of objects
15:46:30: 9 number of objects freezed
15:46:31: Rectangular selection of 0
15:46:31: Num of selected obj: 0
15:46:32: selected 1 object by mouse click
15:46:32: move operation for 1 number of objects
15:46:33: 1 number of objects freezed
15:46:35: Rectangular selection of 0
15:46:35: Num of selected obj: 0
15:46:36: Rectangular selection of 2
15:46:36: Num of selected obj: 2
15:46:36: move operation for 2 number of objects
15:46:37: 2 number of objects freezed
