15:41:00: Number of created objects: 50
15:41:03: Rectangular selection of 0
15:41:03: Num of selected obj: 0
15:41:05: camera rotate operation
15:41:05: camera zoom operation
15:41:05: camera zoom operation
15:41:05: camera zoom operation
15:41:05: camera zoom operation
15:41:05: camera zoom operation
15:41:05: camera zoom operation
15:41:05: camera zoom operation
15:41:05: camera zoom operation
15:41:05: camera zoom operation
15:41:05: camera zoom operation
15:41:05: camera zoom operation
15:41:05: camera zoom operation
15:41:05: camera zoom operation
15:41:06: camera pan operation
15:41:08: selected 1 object by mouse click
15:41:08: move operation for 1 number of objects
15:41:09: 1 number of objects freezed
15:41:10: selected 1 object by mouse click
15:41:10: move operation for 1 number of objects
15:41:10: 1 number of objects freezed
15:41:12: selected 1 object by mouse click
15:41:12: move operation for 1 number of objects
15:41:13: 1 number of objects freezed
15:41:13: selected 1 object by mouse click
15:41:13: move operation for 1 number of objects
15:41:15: selected 1 object by mouse click
15:41:15: move operation for 1 number of objects
15:41:17: Rectangular selection of 4
15:41:17: Num of selected obj: 4
15:41:18: move operation for 4 number of objects
15:41:18: move operation for 4 number of objects
15:41:19: selected 1 object by mouse click
15:41:19: move operation for 1 number of objects
15:41:20: selected 1 object by mouse click
15:41:20: move operation for 1 number of objects
15:41:21: 1 number of objects freezed
15:41:22: selected 1 object by mouse click
15:41:22: move operation for 1 number of objects
15:41:23: 1 number of objects freezed
15:41:24: selected 1 object by mouse click
15:41:24: move operation for 1 number of objects
15:41:25: 1 number of objects freezed
15:41:26: selected 1 object by mouse click
15:41:26: move operation for 1 number of objects
15:41:27: 1 number of objects freezed
15:41:27: selected 1 object by mouse click
15:41:27: move operation for 1 number of objects
15:41:28: 1 number of objects freezed
15:41:29: Rectangular selection of 4
15:41:29: Num of selected obj: 4
15:41:30: move operation for 4 number of objects
15:41:32: selected 1 object by mouse click
15:41:32: move operation for 1 number of objects
15:41:33: 1 number of objects freezed
15:41:34: selected 1 object by mouse click
15:41:34: move operation for 1 number of objects
15:41:35: 1 number of objects freezed
15:41:35: selected 1 object by mouse click
15:41:35: move operation for 1 number of objects
15:41:36: 1 number of objects freezed
15:41:36: selected 1 object by mouse click
15:41:36: move operation for 1 number of objects
15:41:37: 1 number of objects freezed
15:41:38: selected 1 object by mouse click
15:41:38: move operation for 1 number of objects
15:41:39: 1 number of objects freezed
15:41:39: selected 1 object by mouse click
15:41:39: move operation for 1 number of objects
15:41:40: 1 number of objects freezed
15:41:41: Rectangular selection of 0
15:41:41: Num of selected obj: 0
15:41:42: selected 1 object by mouse click
15:41:42: move operation for 1 number of objects
15:41:43: selected 1 object by mouse click
15:41:43: move operation for 1 number of objects
15:41:44: selected 1 object by mouse click
15:41:44: move operation for 1 number of objects
15:41:45: selected 1 object by mouse click
15:41:45: move operation for 1 number of objects
15:41:46: selected 1 object by mouse click
15:41:46: move operation for 1 number of objects
15:41:48: selected 1 object by mouse click
15:41:48: move operation for 1 number of objects
15:41:49: selected 1 object by mouse click
15:41:49: move operation for 1 number of objects
15:41:50: 1 number of objects freezed
15:41:51: selected 1 object by mouse click
15:41:51: move operation for 1 number of objects
15:41:52: selected 1 object by mouse click
15:41:52: move operation for 1 number of objects
15:41:53: selected 1 object by mouse click
15:41:53: move operation for 1 number of objects
15:41:55: Rectangular selection of 10
15:41:55: Num of selected obj: 10
15:41:55: batch selection popup menu for 10 objects
15:41:56: Pile operation occured
15:41:57: move operation for pile
15:42:00: Rectangular selection of 4
15:42:00: Num of selected obj: 4
15:42:00: move operation for 4 number of objects
15:42:01: selected 1 object by mouse click
15:42:01: move operation for 1 number of objects
15:42:03: move operation for pile
15:42:04: pile popup menu
15:42:05: Unpile operation occured
15:42:05: Number of selected objects 10
15:42:07: selected 1 object by mouse click
15:42:07: move operation for 1 number of objects
15:42:08: 1 number of objects freezed
15:42:09: selected 1 object by mouse click
15:42:09: move operation for 1 number of objects
15:42:09: 1 number of objects freezed
15:42:10: selected 1 object by mouse click
15:42:10: move operation for 1 number of objects
15:42:10: 1 number of objects freezed
15:42:10: selected 1 object by mouse click
15:42:10: move operation for 1 number of objects
15:42:11: 1 number of objects freezed
15:42:11: selected 1 object by mouse click
15:42:11: move operation for 1 number of objects
15:42:11: 1 number of objects freezed
15:42:11: selected 1 object by mouse click
15:42:11: move operation for 1 number of objects
15:42:12: selected 1 object by mouse click
15:42:12: move operation for 1 number of objects
15:42:12: 1 number of objects freezed
15:42:13: selected 1 object by mouse click
15:42:13: move operation for 1 number of objects
15:42:13: 1 number of objects freezed
15:42:13: selected 1 object by mouse click
15:42:13: move operation for 1 number of objects
15:42:14: 1 number of objects freezed
15:42:14: selected 1 object by mouse click
15:42:14: move operation for 1 number of objects
15:42:15: move operation for 1 number of objects
15:42:17: selected 1 object by mouse click
15:42:17: move operation for 1 number of objects
15:42:17: 1 number of objects freezed
15:42:18: selected 1 object by mouse click
15:42:18: move operation for 1 number of objects
15:42:20: 1 number of objects freezed
15:42:21: selected 1 object by mouse click
15:42:21: move operation for 1 number of objects
15:42:22: 1 number of objects freezed
15:42:22: selected 1 object by mouse click
15:42:22: move operation for 1 number of objects
15:42:22: 1 number of objects freezed
15:42:23: selected 1 object by mouse click
15:42:23: move operation for 1 number of objects
15:42:24: 1 number of objects freezed
15:42:25: selected 1 object by mouse click
15:42:25: move operation for 1 number of objects
15:42:25: selected 1 object by mouse click
15:42:25: move operation for 1 number of objects
15:42:27: selected 1 object by mouse click
15:42:27: move operation for 1 number of objects
15:42:28: 1 number of objects freezed
15:42:28: selected 1 object by mouse click
15:42:28: move operation for 1 number of objects
15:42:29: 1 number of objects freezed
15:42:29: selected 1 object by mouse click
15:42:29: move operation for 1 number of objects
15:42:30: 1 number of objects freezed
15:42:30: selected 1 object by mouse click
15:42:30: move operation for 1 number of objects
15:42:31: 1 number of objects freezed
15:42:32: selected 1 object by mouse click
15:42:32: move operation for 1 number of objects
15:42:33: 1 number of objects freezed
15:42:33: selected 1 object by mouse click
15:42:33: move operation for 1 number of objects
15:42:34: selected 1 object by mouse click
15:42:34: move operation for 1 number of objects
15:42:35: 1 number of objects freezed
15:42:35: selected 1 object by mouse click
15:42:35: move operation for 1 number of objects
15:42:36: 1 number of objects freezed
15:42:37: selected 1 object by mouse click
15:42:37: move operation for 1 number of objects
15:42:38: 1 number of objects freezed
15:42:39: Rectangular selection of 1
15:42:39: Num of selected obj: 1
15:42:39: selected 1 object by mouse click
15:42:39: move operation for 1 number of objects
15:42:41: Rectangular selection of 2
15:42:41: Num of selected obj: 2
15:42:41: move operation for 2 number of objects
15:42:42: selected 1 object by mouse click
15:42:42: move operation for 1 number of objects
15:42:43: selected 1 object by mouse click
15:42:43: move operation for 1 number of objects
15:42:44: selected 1 object by mouse click
15:42:44: move operation for 1 number of objects
15:42:46: Rectangular selection of 1
15:42:46: Num of selected obj: 1
15:42:46: selected 1 object by mouse click
15:42:46: move operation for 1 number of objects
15:42:47: selected 1 object by mouse click
15:42:47: move operation for 1 number of objects
15:42:48: selected 1 object by mouse click
15:42:48: move operation for 1 number of objects
15:42:50: Rectangular selection of 6
15:42:50: Num of selected obj: 6
15:42:51: move operation for 6 number of objects
15:42:51: 5 number of objects freezed
15:42:53: Rectangular selection of 0
15:42:53: Num of selected obj: 0
15:42:54: selected 1 object by mouse click
15:42:54: move operation for 1 number of objects
15:42:55: 1 number of objects freezed
15:42:55: selected 1 object by mouse click
15:42:55: move operation for 1 number of objects
15:42:58: Rectangular selection of 0
15:42:58: Num of selected obj: 0
15:42:58: selected 1 object by mouse click
15:42:58: move operation for 1 number of objects
15:42:59: 1 number of objects freezed
15:43:01: selected 1 object by mouse click
15:43:01: move operation for 1 number of objects
15:43:02: selected 1 object by mouse click
15:43:02: move operation for 1 number of objects
15:43:04: 1 number of objects freezed
15:43:05: selected 1 object by mouse click
15:43:05: move operation for 1 number of objects
15:43:05: 1 number of objects freezed
15:43:06: selected 1 object by mouse click
15:43:06: move operation for 1 number of objects
15:43:08: 1 number of objects freezed
15:43:09: selected 1 object by mouse click
15:43:09: move operation for 1 number of objects
15:43:10: 1 number of objects freezed
15:43:11: selected 1 object by mouse click
15:43:11: move operation for 1 number of objects
15:43:12: 1 number of objects freezed
15:43:13: selected 1 object by mouse click
15:43:13: move operation for 1 number of objects
15:43:13: 1 number of objects freezed
15:43:27: Rectangular selection of 1
15:43:27: Num of selected obj: 1
15:43:29: Rectangular selection of 0
15:43:29: Num of selected obj: 0
15:43:30: Rectangular selection of 0
15:43:30: Num of selected obj: 0
15:43:31: Rectangular selection of 0
15:43:31: Num of selected obj: 0
15:43:32: selected 1 object by mouse click
15:43:32: move operation for 1 number of objects
15:43:33: move operation for 1 number of objects
15:43:34: Rectangular selection of 0
15:43:34: Num of selected obj: 0
15:43:35: Rectangular selection of 0
15:43:35: Num of selected obj: 0
15:43:35: selected 1 object by mouse click
15:43:35: move operation for 1 number of objects
15:43:36: 1 number of objects freezed
