16:01:35: Number of created objects: 50
16:01:38: selected 1 object by mouse click
16:01:38: move operation for 1 number of objects
16:01:40: 1 number of objects freezed
16:01:41: Rectangular selection of 0
16:01:41: Num of selected obj: 0
16:01:42: Rectangular selection of 49
16:01:42: Num of selected obj: 49
16:01:43: move operation for 49 number of objects
16:01:44: move operation for 49 number of objects
16:01:45: 1 number of objects freezed
16:01:48: selected 1 object by mouse click
16:01:48: move operation for 1 number of objects
16:01:48: 1 number of objects freezed
16:01:49: selected 1 object by mouse click
16:01:49: move operation for 1 number of objects
16:01:51: 1 number of objects freezed
16:01:52: selected 1 object by mouse click
16:01:52: move operation for 1 number of objects
16:01:54: 1 number of objects freezed
16:01:55: selected 1 object by mouse click
16:01:55: move operation for 1 number of objects
16:01:56: 1 number of objects freezed
16:01:58: selected 1 object by mouse click
16:01:58: move operation for 1 number of objects
16:01:59: 1 number of objects freezed
16:02:00: selected 1 object by mouse click
16:02:00: move operation for 1 number of objects
16:02:01: 1 number of objects freezed
16:02:02: selected 1 object by mouse click
16:02:02: move operation for 1 number of objects
16:02:03: 1 number of objects freezed
16:02:05: selected 1 object by mouse click
16:02:05: move operation for 1 number of objects
16:02:06: 1 number of objects freezed
16:02:07: selected 1 object by mouse click
16:02:07: move operation for 1 number of objects
16:02:09: 1 number of objects freezed
16:02:10: selected 1 object by mouse click
16:02:10: move operation for 1 number of objects
16:02:11: 1 number of objects freezed
16:02:12: selected 1 object by mouse click
16:02:12: move operation for 1 number of objects
16:02:13: 1 number of objects freezed
16:02:14: selected 1 object by mouse click
16:02:14: move operation for 1 number of objects
16:02:16: 1 number of objects freezed
16:02:17: selected 1 object by mouse click
16:02:17: move operation for 1 number of objects
16:02:18: 1 number of objects freezed
16:02:19: selected 1 object by mouse click
16:02:19: move operation for 1 number of objects
16:02:20: 1 number of objects freezed
16:02:21: selected 1 object by mouse click
16:02:21: move operation for 1 number of objects
16:02:23: 1 number of objects freezed
16:02:24: selected 1 object by mouse click
16:02:24: move operation for 1 number of objects
16:02:25: 1 number of objects freezed
16:02:27: selected 1 object by mouse click
16:02:27: move operation for 1 number of objects
16:02:29: 1 number of objects freezed
16:02:30: selected 1 object by mouse click
16:02:30: move operation for 1 number of objects
16:02:31: 1 number of objects freezed
16:02:32: selected 1 object by mouse click
16:02:32: move operation for 1 number of objects
16:02:33: 1 number of objects freezed
16:02:34: selected 1 object by mouse click
16:02:34: move operation for 1 number of objects
16:02:35: 1 number of objects freezed
16:02:36: selected 1 object by mouse click
16:02:36: move operation for 1 number of objects
16:02:37: 1 number of objects freezed
16:02:38: selected 1 object by mouse click
16:02:38: move operation for 1 number of objects
16:02:39: 1 number of objects freezed
16:02:41: selected 1 object by mouse click
16:02:41: move operation for 1 number of objects
16:02:42: 1 number of objects freezed
16:02:43: selected 1 object by mouse click
16:02:43: move operation for 1 number of objects
16:02:44: 1 number of objects freezed
16:02:45: selected 1 object by mouse click
16:02:45: move operation for 1 number of objects
16:02:46: 1 number of objects freezed
16:02:49: Rectangular selection of 2
16:02:49: Num of selected obj: 2
16:02:50: move operation for 2 number of objects
16:02:51: 1 number of objects freezed
16:02:52: move operation for 1 number of objects
16:02:53: 1 number of objects freezed
16:02:54: selected 1 object by mouse click
16:02:54: move operation for 1 number of objects
16:02:55: 1 number of objects freezed
16:02:56: selected 1 object by mouse click
16:02:56: move operation for 1 number of objects
16:02:58: 1 number of objects freezed
16:02:59: selected 1 object by mouse click
16:02:59: move operation for 1 number of objects
16:03:00: 1 number of objects freezed
16:03:02: selected 1 object by mouse click
16:03:02: move operation for 1 number of objects
16:03:03: 1 number of objects freezed
16:03:06: Rectangular selection of 1
16:03:06: Num of selected obj: 1
16:03:06: selected 1 object by mouse click
16:03:06: move operation for 1 number of objects
16:03:08: 1 number of objects freezed
16:03:09: selected 1 object by mouse click
16:03:09: move operation for 1 number of objects
16:03:10: 1 number of objects freezed
16:03:11: selected 1 object by mouse click
16:03:11: move operation for 1 number of objects
16:03:13: 1 number of objects freezed
16:03:14: selected 1 object by mouse click
16:03:14: move operation for 1 number of objects
16:03:15: 1 number of objects freezed
16:03:16: selected 1 object by mouse click
16:03:16: move operation for 1 number of objects
16:03:18: 1 number of objects freezed
16:03:20: selected 1 object by mouse click
16:03:20: move operation for 1 number of objects
16:03:21: 1 number of objects freezed
16:03:22: selected 1 object by mouse click
16:03:22: move operation for 1 number of objects
16:03:23: 1 number of objects freezed
16:03:24: selected 1 object by mouse click
16:03:24: move operation for 1 number of objects
16:03:25: 1 number of objects freezed
16:03:27: selected 1 object by mouse click
16:03:27: move operation for 1 number of objects
16:03:28: 1 number of objects freezed
16:03:28: selected 1 object by mouse click
16:03:28: move operation for 1 number of objects
16:03:30: 1 number of objects freezed
16:03:31: selected 1 object by mouse click
16:03:31: move operation for 1 number of objects
16:03:32: 1 number of objects freezed
16:03:33: selected 1 object by mouse click
16:03:33: move operation for 1 number of objects
16:03:35: 1 number of objects freezed
16:03:36: selected 1 object by mouse click
16:03:36: move operation for 1 number of objects
16:03:38: 1 number of objects freezed
16:03:39: selected 1 object by mouse click
16:03:39: move operation for 1 number of objects
16:03:41: 1 number of objects freezed
16:03:43: selected 1 object by mouse click
16:03:43: move operation for 1 number of objects
16:03:44: 1 number of objects freezed
16:03:45: selected 1 object by mouse click
16:03:45: move operation for 1 number of objects
16:03:46: 1 number of objects freezed
16:03:48: selected 1 object by mouse click
16:03:48: move operation for 1 number of objects
16:03:49: 1 number of objects freezed
