15:58:02: Number of created objects: 50
15:58:04: selected 1 object by mouse click
15:58:04: move operation for 1 number of objects
15:58:04: 1 number of objects freezed
15:58:05: selected 1 object by mouse click
15:58:05: move operation for 1 number of objects
15:58:06: 1 number of objects freezed
15:58:07: selected 1 object by mouse click
15:58:07: move operation for 1 number of objects
15:58:08: 1 number of objects freezed
15:58:09: selected 1 object by mouse click
15:58:09: move operation for 1 number of objects
15:58:10: 1 number of objects freezed
15:58:11: selected 1 object by mouse click
15:58:11: move operation for 1 number of objects
15:58:12: 1 number of objects freezed
15:58:12: selected 1 object by mouse click
15:58:12: move operation for 1 number of objects
15:58:14: 1 number of objects freezed
15:58:15: selected 1 object by mouse click
15:58:15: move operation for 1 number of objects
15:58:16: 1 number of objects freezed
15:58:16: selected 1 object by mouse click
15:58:16: move operation for 1 number of objects
15:58:17: 1 number of objects freezed
15:58:18: selected 1 object by mouse click
15:58:18: move operation for 1 number of objects
15:58:18: 1 number of objects freezed
15:58:19: selected 1 object by mouse click
15:58:19: move operation for 1 number of objects
15:58:19: 1 number of objects freezed
15:58:19: selected 1 object by mouse click
15:58:19: move operation for 1 number of objects
15:58:20: 1 number of objects freezed
15:58:21: selected 1 object by mouse click
15:58:21: move operation for 1 number of objects
15:58:22: 1 number of objects freezed
15:58:23: selected 1 object by mouse click
15:58:23: move operation for 1 number of objects
15:58:24: 1 number of objects freezed
15:58:25: selected 1 object by mouse click
15:58:25: move operation for 1 number of objects
15:58:25: 1 number of objects freezed
15:58:26: selected 1 object by mouse click
15:58:26: move operation for 1 number of objects
15:58:27: selected 1 object by mouse click
15:58:27: move operation for 1 number of objects
15:58:28: 1 number of objects freezed
15:58:29: selected 1 object by mouse click
15:58:29: move operation for 1 number of objects
15:58:31: selected 1 object by mouse click
15:58:31: move operation for 1 number of objects
15:58:32: 1 number of objects freezed
15:58:32: selected 1 object by mouse click
15:58:32: move operation for 1 number of objects
15:58:34: 1 number of objects freezed
15:58:35: selected 1 object by mouse click
15:58:35: move operation for 1 number of objects
15:58:36: 1 number of objects freezed
15:58:37: selected 1 object by mouse click
15:58:37: move operation for 1 number of objects
15:58:37: 1 number of objects freezed
15:58:38: selected 1 object by mouse click
15:58:38: move operation for 1 number of objects
15:58:39: 1 number of objects freezed
15:58:40: selected 1 object by mouse click
15:58:40: move operation for 1 number of objects
15:58:41: 1 number of objects freezed
15:58:42: selected 1 object by mouse click
15:58:42: move operation for 1 number of objects
15:58:42: 1 number of objects freezed
15:58:43: selected 1 object by mouse click
15:58:43: move operation for 1 number of objects
15:58:44: 1 number of objects freezed
15:58:45: selected 1 object by mouse click
15:58:45: move operation for 1 number of objects
15:58:46: 1 number of objects freezed
15:58:47: selected 1 object by mouse click
15:58:47: move operation for 1 number of objects
15:58:48: 1 number of objects freezed
15:58:48: selected 1 object by mouse click
15:58:48: move operation for 1 number of objects
15:58:49: 1 number of objects freezed
15:58:49: selected 1 object by mouse click
15:58:49: move operation for 1 number of objects
15:58:50: 1 number of objects freezed
15:58:51: selected 1 object by mouse click
15:58:51: move operation for 1 number of objects
15:58:52: 1 number of objects freezed
15:58:52: selected 1 object by mouse click
15:58:52: move operation for 1 number of objects
15:58:53: 1 number of objects freezed
15:58:54: Rectangular selection of 0
15:58:54: Num of selected obj: 0
15:58:54: selected 1 object by mouse click
15:58:54: move operation for 1 number of objects
15:58:55: 1 number of objects freezed
15:58:56: Rectangular selection of 1
15:58:56: Num of selected obj: 1
15:58:56: selected 1 object by mouse click
15:58:56: move operation for 1 number of objects
15:58:57: 1 number of objects freezed
15:58:58: selected 1 object by mouse click
15:58:58: move operation for 1 number of objects
15:58:58: 1 number of objects freezed
15:58:59: selected 1 object by mouse click
15:58:59: move operation for 1 number of objects
15:59:00: 1 number of objects freezed
15:59:00: selected 1 object by mouse click
15:59:00: move operation for 1 number of objects
15:59:02: selected 1 object by mouse click
15:59:02: move operation for 1 number of objects
15:59:04: 1 number of objects freezed
15:59:04: selected 1 object by mouse click
15:59:04: move operation for 1 number of objects
15:59:05: 1 number of objects freezed
15:59:06: selected 1 object by mouse click
15:59:06: move operation for 1 number of objects
15:59:06: 1 number of objects freezed
15:59:07: selected 1 object by mouse click
15:59:07: move operation for 1 number of objects
15:59:08: 1 number of objects freezed
15:59:08: selected 1 object by mouse click
15:59:08: move operation for 1 number of objects
15:59:09: 1 number of objects freezed
15:59:10: selected 1 object by mouse click
15:59:10: move operation for 1 number of objects
15:59:11: 1 number of objects freezed
15:59:12: selected 1 object by mouse click
15:59:12: move operation for 1 number of objects
15:59:13: 1 number of objects freezed
15:59:14: selected 1 object by mouse click
15:59:14: move operation for 1 number of objects
15:59:15: 1 number of objects freezed
15:59:15: selected 1 object by mouse click
15:59:15: move operation for 1 number of objects
15:59:16: 1 number of objects freezed
15:59:17: Rectangular selection of 0
15:59:17: Num of selected obj: 0
15:59:17: selected 1 object by mouse click
15:59:17: move operation for 1 number of objects
15:59:18: 1 number of objects freezed
15:59:18: selected 1 object by mouse click
15:59:18: move operation for 1 number of objects
15:59:19: 1 number of objects freezed
15:59:21: Rectangular selection of 0
15:59:21: Num of selected obj: 0
15:59:22: Rectangular selection of 1
15:59:22: Num of selected obj: 1
15:59:24: Rectangular selection of 1
15:59:24: Num of selected obj: 1
15:59:24: move operation for 1 number of objects
15:59:25: 1 number of objects freezed
15:59:26: selected 1 object by mouse click
15:59:26: move operation for 1 number of objects
15:59:27: 1 number of objects freezed
15:59:28: Rectangular selection of 0
15:59:28: Num of selected obj: 0
15:59:29: Rectangular selection of 0
15:59:29: Num of selected obj: 0
15:59:30: selected 1 object by mouse click
15:59:30: move operation for 1 number of objects
15:59:31: Rectangular selection of 1
15:59:31: Num of selected obj: 1
15:59:33: Rectangular selection of 0
15:59:33: Num of selected obj: 0
15:59:35: Rectangular selection of 2
15:59:35: Num of selected obj: 2
15:59:37: Rectangular selection of 0
15:59:37: Num of selected obj: 0
15:59:37: camera rotate operation
15:59:37: camera zoom operation
15:59:37: camera zoom operation
15:59:37: camera zoom operation
15:59:37: camera zoom operation
15:59:37: camera zoom operation
15:59:37: camera zoom operation
15:59:37: camera zoom operation
15:59:37: camera zoom operation
15:59:37: camera zoom operation
15:59:37: camera zoom operation
15:59:37: camera zoom operation
15:59:37: camera zoom operation
15:59:37: camera zoom operation
15:59:37: camera zoom operation
15:59:37: camera zoom operation
15:59:37: camera zoom operation
15:59:37: camera zoom operation
15:59:37: camera zoom operation
15:59:37: camera zoom operation
15:59:37: camera zoom operation
15:59:38: camera zoom operation
15:59:38: camera zoom operation
15:59:39: Rectangular selection of 0
15:59:39: Num of selected obj: 0
15:59:40: Rectangular selection of 0
15:59:40: Num of selected obj: 0
15:59:41: Rectangular selection of 0
15:59:41: Num of selected obj: 0
15:59:42: camera rotate operation
15:59:42: camera zoom operation
15:59:42: camera zoom operation
15:59:42: camera zoom operation
15:59:42: camera zoom operation
15:59:42: camera zoom operation
15:59:42: camera zoom operation
15:59:42: camera zoom operation
15:59:42: camera zoom operation
15:59:42: camera zoom operation
15:59:42: camera zoom operation
15:59:42: camera zoom operation
15:59:42: camera zoom operation
15:59:42: camera zoom operation
15:59:42: camera zoom operation
15:59:42: camera zoom operation
15:59:44: selected 1 object by mouse click
15:59:44: move operation for 1 number of objects
15:59:45: 1 number of objects freezed
15:59:46: Rectangular selection of 1
15:59:46: Num of selected obj: 1
15:59:48: Rectangular selection of 2
15:59:48: Num of selected obj: 2
15:59:49: Rectangular selection of 1
15:59:49: Num of selected obj: 1
15:59:56: Rectangular selection of 0
15:59:56: Num of selected obj: 0
15:59:56: selected 1 object by mouse click
15:59:56: move operation for 1 number of objects
15:59:59: 1 number of objects freezed
16:00:03: Rectangular selection of 0
16:00:03: Num of selected obj: 0
16:00:04: Rectangular selection of 1
16:00:04: Num of selected obj: 1
16:00:05: Rectangular selection of 2
16:00:05: Num of selected obj: 2
16:00:06: Rectangular selection of 0
16:00:06: Num of selected obj: 0
16:00:06: Rectangular selection of 0
16:00:06: Num of selected obj: 0
16:00:06: Rectangular selection of 0
16:00:06: Num of selected obj: 0
16:00:07: Rectangular selection of 0
16:00:07: Num of selected obj: 0
16:00:08: Rectangular selection of 0
16:00:08: Num of selected obj: 0
16:00:08: Rectangular selection of 0
16:00:08: Num of selected obj: 0
16:00:09: Rectangular selection of 0
16:00:09: Num of selected obj: 0
16:00:10: Rectangular selection of 0
16:00:10: Num of selected obj: 0
16:00:11: Rectangular selection of 0
16:00:11: Num of selected obj: 0
16:00:11: Rectangular selection of 0
16:00:11: Num of selected obj: 0
16:00:12: Rectangular selection of 0
16:00:12: Num of selected obj: 0
16:00:13: Rectangular selection of 0
16:00:13: Num of selected obj: 0
16:00:13: camera rotate operation
16:00:13: camera zoom operation
16:00:13: camera zoom operation
16:00:13: camera zoom operation
16:00:13: camera zoom operation
16:00:13: camera zoom operation
16:00:13: camera zoom operation
16:00:13: camera zoom operation
16:00:13: camera zoom operation
16:00:13: camera zoom operation
16:00:13: camera zoom operation
16:00:13: camera zoom operation
16:00:13: camera zoom operation
16:00:13: camera zoom operation
16:00:13: camera zoom operation
16:00:13: camera zoom operation
16:00:13: camera zoom operation
16:00:13: camera zoom operation
16:00:13: camera zoom operation
16:00:13: camera zoom operation
16:00:13: camera zoom operation
16:00:14: camera zoom operation
16:00:14: camera zoom operation
16:00:14: camera zoom operation
16:00:14: camera zoom operation
16:00:14: camera zoom operation
16:00:14: camera zoom operation
16:00:14: camera zoom operation
16:00:14: camera zoom operation
16:00:14: camera zoom operation
16:00:14: camera zoom operation
16:00:14: camera zoom operation
16:00:14: camera zoom operation
16:00:15: Rectangular selection of 0
16:00:15: Num of selected obj: 0
16:00:16: Rectangular selection of 1
16:00:16: Num of selected obj: 1
16:00:17: Rectangular selection of 0
16:00:17: Num of selected obj: 0
16:00:21: Rectangular selection of 0
16:00:21: Num of selected obj: 0
16:00:22: Rectangular selection of 2
16:00:22: Num of selected obj: 2
16:00:24: Rectangular selection of 1
16:00:24: Num of selected obj: 1
16:00:25: Rectangular selection of 2
16:00:25: Num of selected obj: 2
16:00:27: Rectangular selection of 1
16:00:27: Num of selected obj: 1
16:00:27: Rectangular selection of 2
16:00:27: Num of selected obj: 2
16:00:29: Rectangular selection of 0
16:00:29: Num of selected obj: 0
16:00:30: Rectangular selection of 0
16:00:30: Num of selected obj: 0
16:00:30: Rectangular selection of 1
16:00:30: Num of selected obj: 1
16:00:31: Rectangular selection of 2
16:00:31: Num of selected obj: 2
16:00:33: Rectangular selection of 0
16:00:33: Num of selected obj: 0
16:00:33: Rectangular selection of 1
16:00:33: Num of selected obj: 1
16:00:34: Rectangular selection of 2
16:00:34: Num of selected obj: 2
16:00:35: camera pan operation
16:00:36: camera pan operation
16:00:36: camera pan operation
16:00:37: camera pan operation
16:00:37: camera pan operation
16:00:38: camera pan operation
16:00:38: camera pan operation
16:00:38: camera pan operation
16:00:39: camera pan operation
16:00:39: camera pan operation
16:00:39: camera pan operation
16:00:40: batch selection popup menu for 2 objects
16:00:40: Pile operation occured
16:00:43: Rectangular selection of 0
16:00:43: Num of selected obj: 0
16:00:44: Rectangular selection of 0
16:00:44: Num of selected obj: 0
16:00:44: Rectangular selection of 0
16:00:44: Num of selected obj: 0
16:00:45: Rectangular selection of 0
16:00:45: Num of selected obj: 0
16:00:45: Rectangular selection of 0
16:00:45: Num of selected obj: 0
16:00:50: Rectangular selection of 0
16:00:50: Num of selected obj: 0
16:00:52: Rectangular selection of 0
16:00:52: Num of selected obj: 0
16:00:53: Rectangular selection of 0
16:00:53: Num of selected obj: 0
16:00:54: Rectangular selection of 0
16:00:54: Num of selected obj: 0
16:00:55: Rectangular selection of 0
16:00:55: Num of selected obj: 0
16:00:56: Rectangular selection of 0
16:00:56: Num of selected obj: 0
16:00:56: Rectangular selection of 0
16:00:56: Num of selected obj: 0
16:00:57: Rectangular selection of 0
16:00:57: Num of selected obj: 0
16:00:58: Rectangular selection of 0
16:00:58: Num of selected obj: 0
16:00:59: Rectangular selection of 0
16:00:59: Num of selected obj: 0
16:01:00: Rectangular selection of 0
16:01:00: Num of selected obj: 0
16:01:00: Rectangular selection of 0
16:01:00: Num of selected obj: 0
16:01:01: Rectangular selection of 0
16:01:01: Num of selected obj: 0
16:01:01: Rectangular selection of 0
16:01:01: Num of selected obj: 0
16:01:02: Rectangular selection of 0
16:01:02: Num of selected obj: 0
16:01:02: Rectangular selection of 0
16:01:02: Num of selected obj: 0
16:01:03: Rectangular selection of 0
16:01:03: Num of selected obj: 0
16:01:03: Rectangular selection of 0
16:01:03: Num of selected obj: 0
16:01:04: Rectangular selection of 0
16:01:04: Num of selected obj: 0
16:01:04: Rectangular selection of 0
16:01:04: Num of selected obj: 0
16:01:05: move operation for pile
16:01:06: move operation for pile
16:01:07: pile popup menu
16:01:08: Unpile operation occured
16:01:08: Number of selected objects 2
16:01:09: move operation for 2 number of objects
16:01:11: 1 number of objects freezed
16:01:11: move operation for 1 number of objects
16:01:11: move operation for 1 number of objects
16:01:13: 1 number of objects freezed
