16:16:53: Number of created objects: 50
16:16:54: selected 1 object by mouse click
16:16:54: move operation for 1 number of objects
16:16:55: 1 number of objects freezed
16:16:57: selected 1 object by mouse click
16:16:57: move operation for 1 number of objects
16:16:58: 1 number of objects freezed
16:16:59: selected 1 object by mouse click
16:16:59: move operation for 1 number of objects
16:17:00: 1 number of objects freezed
16:17:01: selected 1 object by mouse click
16:17:01: move operation for 1 number of objects
16:17:02: 1 number of objects freezed
16:17:03: selected 1 object by mouse click
16:17:03: move operation for 1 number of objects
16:17:04: 1 number of objects freezed
16:17:06: selected 1 object by mouse click
16:17:06: move operation for 1 number of objects
16:17:07: 1 number of objects freezed
16:17:08: selected 1 object by mouse click
16:17:08: move operation for 1 number of objects
16:17:09: 1 number of objects freezed
16:17:10: selected 1 object by mouse click
16:17:10: move operation for 1 number of objects
16:17:11: 1 number of objects freezed
16:17:12: selected 1 object by mouse click
16:17:12: move operation for 1 number of objects
16:17:13: 1 number of objects freezed
16:17:15: selected 1 object by mouse click
16:17:15: move operation for 1 number of objects
16:17:16: 1 number of objects freezed
16:17:17: selected 1 object by mouse click
16:17:17: move operation for 1 number of objects
16:17:19: 1 number of objects freezed
16:17:20: selected 1 object by mouse click
16:17:20: move operation for 1 number of objects
16:17:22: 1 number of objects freezed
16:17:22: selected 1 object by mouse click
16:17:22: move operation for 1 number of objects
16:17:23: 1 number of objects freezed
16:17:24: selected 1 object by mouse click
16:17:24: move operation for 1 number of objects
16:17:26: 1 number of objects freezed
16:17:27: selected 1 object by mouse click
16:17:27: move operation for 1 number of objects
16:17:29: 1 number of objects freezed
16:17:30: selected 1 object by mouse click
16:17:30: move operation for 1 number of objects
16:17:32: 1 number of objects freezed
16:17:33: selected 1 object by mouse click
16:17:33: move operation for 1 number of objects
16:17:33: 1 number of objects freezed
16:17:34: selected 1 object by mouse click
16:17:34: move operation for 1 number of objects
16:17:35: 1 number of objects freezed
16:17:36: selected 1 object by mouse click
16:17:36: move operation for 1 number of objects
16:17:38: 1 number of objects freezed
16:17:39: selected 1 object by mouse click
16:17:39: move operation for 1 number of objects
16:17:41: 1 number of objects freezed
16:17:42: selected 1 object by mouse click
16:17:42: move operation for 1 number of objects
16:17:44: Rectangular selection of 1
16:17:44: Num of selected obj: 1
16:17:45: move operation for 1 number of objects
16:17:47: Rectangular selection of 1
16:17:47: Num of selected obj: 1
16:17:48: Rectangular selection of 2
16:17:48: Num of selected obj: 2
16:17:49: move operation for 2 number of objects
16:17:50: 2 number of objects freezed
16:17:51: selected 1 object by mouse click
16:17:51: move operation for 1 number of objects
16:17:52: 1 number of objects freezed
16:17:52: selected 1 object by mouse click
16:17:52: move operation for 1 number of objects
16:17:54: move operation for 1 number of objects
16:17:56: Rectangular selection of 2
16:17:56: Num of selected obj: 2
16:17:58: Rectangular selection of 3
16:17:58: Num of selected obj: 3
16:17:59: selected 1 object by mouse click
16:17:59: move operation for 1 number of objects
16:18:01: Rectangular selection of 3
16:18:01: Num of selected obj: 3
16:18:01: move operation for 3 number of objects
16:18:03: 1 number of objects freezed
16:18:04: move operation for 2 number of objects
16:18:05: 1 number of objects freezed
16:18:06: move operation for 1 number of objects
16:18:07: 1 number of objects freezed
16:18:08: selected 1 object by mouse click
16:18:08: move operation for 1 number of objects
16:18:09: 1 number of objects freezed
16:18:11: selected 1 object by mouse click
16:18:11: move operation for 1 number of objects
16:18:12: selected 1 object by mouse click
16:18:12: move operation for 1 number of objects
16:18:13: move operation for 1 number of objects
16:18:14: selected 1 object by mouse click
16:18:14: move operation for 1 number of objects
16:18:15: 1 number of objects freezed
16:18:16: selected 1 object by mouse click
16:18:16: move operation for 1 number of objects
16:18:16: 1 number of objects freezed
16:18:17: selected 1 object by mouse click
16:18:17: move operation for 1 number of objects
16:18:18: 1 number of objects freezed
16:18:18: selected 1 object by mouse click
16:18:18: move operation for 1 number of objects
16:18:19: 1 number of objects freezed
16:18:20: selected 1 object by mouse click
16:18:20: move operation for 1 number of objects
16:18:21: 1 number of objects freezed
16:18:22: selected 1 object by mouse click
16:18:22: move operation for 1 number of objects
16:18:23: 1 number of objects freezed
16:18:24: selected 1 object by mouse click
16:18:24: move operation for 1 number of objects
16:18:24: 1 number of objects freezed
16:18:25: selected 1 object by mouse click
16:18:25: move operation for 1 number of objects
16:18:26: 1 number of objects freezed
16:18:27: selected 1 object by mouse click
16:18:27: move operation for 1 number of objects
16:18:28: 1 number of objects freezed
16:18:29: selected 1 object by mouse click
16:18:29: move operation for 1 number of objects
16:18:30: 1 number of objects freezed
16:18:31: selected 1 object by mouse click
16:18:31: move operation for 1 number of objects
16:18:32: 1 number of objects freezed
16:18:33: selected 1 object by mouse click
16:18:33: move operation for 1 number of objects
16:18:33: 1 number of objects freezed
16:18:34: selected 1 object by mouse click
16:18:34: move operation for 1 number of objects
16:18:34: 1 number of objects freezed
16:18:35: selected 1 object by mouse click
16:18:35: move operation for 1 number of objects
16:18:37: 1 number of objects freezed
16:18:38: selected 1 object by mouse click
16:18:38: move operation for 1 number of objects
16:18:39: 1 number of objects freezed
16:18:40: selected 1 object by mouse click
16:18:40: move operation for 1 number of objects
16:18:41: 1 number of objects freezed
16:18:43: Rectangular selection of 0
16:18:43: Num of selected obj: 0
16:18:44: selected 1 object by mouse click
16:18:44: move operation for 1 number of objects
16:18:45: 1 number of objects freezed
16:18:46: Rectangular selection of 0
16:18:46: Num of selected obj: 0
16:18:47: Rectangular selection of 0
16:18:47: Num of selected obj: 0
16:18:48: selected 1 object by mouse click
16:18:48: move operation for 1 number of objects
16:18:51: Rectangular selection of 5
16:18:51: Num of selected obj: 5
16:18:54: Rectangular selection of 6
16:18:54: Num of selected obj: 6
16:18:56: camera rotate operation
16:18:56: batch selection popup menu for 6 objects
16:18:57: Pile operation occured
16:18:58: move operation for pile
16:18:59: pile popup menu
16:19:00: Unpile operation occured
16:19:00: Number of selected objects 6
16:19:01: move operation for 6 number of objects
16:19:02: 1 number of objects freezed
16:19:04: move operation for 5 number of objects
16:19:06: move operation for 5 number of objects
16:19:08: move operation for 5 number of objects
16:19:10: 5 number of objects freezed
