16:19:29: Number of created objects: 50
16:19:32: Rectangular selection of 50
16:19:32: Num of selected obj: 50
16:19:33: batch selection popup menu for 50 objects
16:19:34: Pile operation occured
16:19:35: pile popup menu
16:19:36: Unpile operation occured
16:19:36: Number of selected objects 50
16:19:37: move operation for 50 number of objects
16:19:39: 10 number of objects freezed
16:19:39: move operation for 40 number of objects
16:19:41: 10 number of objects freezed
16:19:41: move operation for 30 number of objects
16:19:42: 8 number of objects freezed
16:19:43: move operation for 22 number of objects
16:19:48: 20 number of objects freezed
16:19:49: move operation for 2 number of objects
16:19:53: move operation for 2 number of objects
16:19:53: move operation for 2 number of objects
16:19:55: 2 number of objects freezed
